\BOOKMARK [0][-]{Item.6}{\376\377\000A\000b\000s\000t\000r\000a\000c\000t}{}% 1
\BOOKMARK [0][-]{chapter*.2}{\376\377\000A\000c\000k\000n\000o\000w\000l\000e\000d\000g\000e\000m\000e\000n\000t\000s}{}% 2
\BOOKMARK [0][-]{chapter*.3}{\376\377\000C\000o\000n\000t\000e\000n\000t\000s}{}% 3
\BOOKMARK [0][-]{chapter*.4}{\376\377\000L\000i\000s\000t\000\040\000o\000f\000\040\000F\000i\000g\000u\000r\000e\000s}{}% 4
\BOOKMARK [0][-]{chapter*.5}{\376\377\000L\000i\000s\000t\000\040\000o\000f\000\040\000T\000a\000b\000l\000e\000s}{}% 5
\BOOKMARK [0][-]{chapter*.6}{\376\377\000L\000i\000s\000t\000\040\000o\000f\000\040\000A\000b\000b\000r\000e\000v\000i\000a\000t\000i\000o\000n\000s}{}% 6
\BOOKMARK [0][-]{chapter*.7}{\376\377\000N\000o\000m\000e\000n\000c\000l\000a\000t\000u\000r\000e}{}% 7
\BOOKMARK [0][-]{chapter.1}{\376\377\000\040\000I\000n\000t\000r\000o\000d\000u\000c\000t\000i\000o\000n}{}% 8
\BOOKMARK [1][-]{section.1.1}{\376\377\000B\000a\000c\000k\000g\000r\000o\000u\000n\000d}{chapter.1}% 9
\BOOKMARK [1][-]{section.1.2}{\376\377\000P\000r\000o\000b\000l\000e\000m\000\040\000D\000e\000s\000c\000r\000i\000p\000t\000i\000o\000n}{chapter.1}% 10
\BOOKMARK [1][-]{section.1.3}{\376\377\000F\000o\000c\000u\000s\000\040\000a\000n\000d\000\040\000O\000b\000j\000e\000c\000t\000i\000v\000e\000s}{chapter.1}% 11
\BOOKMARK [1][-]{section.1.4}{\376\377\000M\000e\000t\000h\000o\000d\000o\000l\000o\000g\000y\000\040\000O\000v\000e\000r\000v\000i\000e\000w}{chapter.1}% 12
\BOOKMARK [1][-]{section.1.5}{\376\377\000S\000c\000o\000p\000e\000\040\000a\000n\000d\000\040\000L\000i\000m\000i\000t\000a\000t\000i\000o\000n\000s}{chapter.1}% 13
\BOOKMARK [1][-]{section.1.6}{\376\377\000P\000l\000a\000n\000\040\000o\000f\000\040\000D\000e\000v\000e\000l\000o\000p\000m\000e\000n\000t}{chapter.1}% 14
\BOOKMARK [0][-]{chapter.2}{\376\377\000\040\000T\000h\000e\000o\000r\000e\000t\000i\000c\000a\000l\000\040\000F\000r\000a\000m\000e\000w\000o\000r\000k}{}% 15
\BOOKMARK [1][-]{section.2.1}{\376\377\000Q\000u\000a\000n\000t\000u\000m\000\040\000M\000e\000c\000h\000a\000n\000i\000c\000s\000\040}{chapter.2}% 16
\BOOKMARK [2][-]{subsection.2.1.1}{\376\377\000P\000o\000s\000t\000u\000l\000a\000t\000e\000s\000\040\000o\000f\000\040\000Q\000u\000a\000n\000t\000u\000m\000\040\000M\000e\000c\000h\000a\000n\000i\000c\000s\000\040}{section.2.1}% 17
\BOOKMARK [2][-]{subsection.2.1.2}{\376\377\000Q\000u\000a\000n\000t\000u\000m\000\040\000S\000t\000a\000t\000e\000s\000\040}{section.2.1}% 18
\BOOKMARK [2][-]{subsection.2.1.3}{\376\377\000U\000n\000i\000t\000a\000r\000y\000\040\000O\000p\000e\000r\000a\000t\000i\000o\000n\000s\000\040\000o\000n\000\040\000Q\000u\000a\000n\000t\000u\000m\000\040\000S\000t\000a\000t\000e\000s\000\040}{section.2.1}% 19
\BOOKMARK [1][-]{section.2.2}{\376\377\000Q\000u\000b\000i\000t\000s\000\040\000a\000s\000\040\000Q\000u\000a\000n\000t\000u\000m\000\040\000S\000t\000a\000t\000e\000s\000\040}{chapter.2}% 20
\BOOKMARK [2][-]{subsection.2.2.1}{\376\377\000Q\000u\000b\000i\000t\000\040\000S\000u\000p\000e\000r\000p\000o\000s\000i\000t\000i\000o\000n\000\040\000i\000n\000\040\000t\000h\000e\000\040\000C\000o\000m\000p\000u\000t\000a\000t\000i\000o\000n\000a\000l\000\040\000B\000a\000s\000i\000s}{section.2.2}% 21
\BOOKMARK [2][-]{subsection.2.2.2}{\376\377\000Q\000u\000b\000i\000t\000\040\000E\000n\000t\000a\000n\000g\000l\000e\000m\000e\000n\000t\000\040\000i\000n\000\040\000t\000h\000e\000\040\000C\000o\000m\000p\000u\000t\000a\000t\000i\000o\000n\000a\000l\000\040\000B\000a\000s\000i\000s}{section.2.2}% 22
\BOOKMARK [1][-]{section.2.3}{\376\377\000Q\000u\000a\000n\000t\000u\000m\000\040\000G\000a\000t\000e\000s\000\040\000a\000n\000d\000\040\000Q\000u\000a\000n\000t\000u\000m\000\040\000C\000i\000r\000c\000u\000i\000t\000s\000\040}{chapter.2}% 23
\BOOKMARK [2][-]{subsection.2.3.1}{\376\377\000B\000l\000o\000c\000h\000\040\000S\000p\000h\000e\000r\000e\000\040\000R\000e\000p\000r\000e\000s\000e\000n\000t\000a\000t\000i\000o\000n\000\040\000o\000f\000\040\000Q\000u\000b\000i\000t\000s\000\040}{section.2.3}% 24
\BOOKMARK [2][-]{subsection.2.3.2}{\376\377\000S\000i\000n\000g\000l\000e\000-\000Q\000u\000b\000i\000t\000\040\000Q\000u\000a\000n\000t\000u\000m\000\040\000G\000a\000t\000e\000s}{section.2.3}% 25
\BOOKMARK [2][-]{subsection.2.3.3}{\376\377\000M\000u\000l\000t\000i\000p\000l\000e\000-\000Q\000u\000b\000i\000t\000\040\000G\000a\000t\000e\000s}{section.2.3}% 26
\BOOKMARK [2][-]{subsection.2.3.4}{\376\377\000Q\000u\000a\000n\000t\000u\000m\000\040\000C\000i\000r\000c\000u\000i\000t\000s\000\040}{section.2.3}% 27
\BOOKMARK [2][-]{subsection.2.3.5}{\376\377\000T\000h\000e\000o\000r\000e\000t\000i\000c\000a\000l\000\040\000F\000r\000a\000m\000e\000w\000o\000r\000k\000\040\000f\000o\000r\000\040\000Q\000u\000a\000n\000t\000u\000m\000\040\000A\000l\000g\000o\000r\000i\000t\000h\000m\000s\000\040}{section.2.3}% 28
\BOOKMARK [3][-]{subsubsection.2.3.5.1}{\376\377\000Q\000u\000a\000n\000t\000u\000m\000\040\000F\000o\000u\000r\000i\000e\000r\000\040\000T\000r\000a\000n\000s\000f\000o\000r\000m\000\040}{subsection.2.3.5}% 29
\BOOKMARK [3][-]{subsubsection.2.3.5.2}{\376\377\000P\000h\000a\000s\000e\000\040\000E\000s\000t\000i\000m\000a\000t\000i\000o\000n\000\040\000a\000n\000d\000\040\000S\000h\000o\000r\000'\000s\000\040\000F\000a\000c\000t\000o\000r\000i\000n\000g\000\040\000A\000l\000g\000o\000r\000i\000t\000h\000m\000\040}{subsection.2.3.5}% 30
\BOOKMARK [3][-]{subsubsection.2.3.5.3}{\376\377\000Q\000u\000a\000n\000t\000u\000m\000\040\000S\000e\000a\000r\000c\000h\000\040\000A\000l\000g\000o\000r\000i\000t\000h\000m\000\040}{subsection.2.3.5}% 31
\BOOKMARK [1][-]{section.2.4}{\376\377\000S\000u\000m\000m\000a\000r\000y\000\040}{chapter.2}% 32
\BOOKMARK [0][-]{chapter.3}{\376\377\000\040\000L\000i\000t\000e\000r\000a\000t\000u\000r\000e\000\040\000R\000e\000v\000i\000e\000w}{}% 33
\BOOKMARK [1][-]{section.3.1}{\376\377\000Q\000u\000a\000n\000t\000u\000m\000\040\000C\000o\000m\000p\000u\000t\000e\000r\000\040\000R\000e\000a\000l\000i\000s\000a\000t\000i\000o\000n\000\040\000C\000r\000i\000t\000e\000r\000i\000a}{chapter.3}% 34
\BOOKMARK [2][-]{subsection.3.1.1}{\376\377\000W\000e\000l\000l\000-\000C\000h\000a\000r\000a\000c\000t\000e\000r\000i\000s\000e\000d\000\040\000Q\000u\000b\000i\000t\000s\000\040\000f\000o\000r\000\040\000R\000e\000a\000l\000i\000s\000i\000n\000g\000\040\000a\000\040\000Q\000u\000a\000n\000t\000u\000m\000\040\000C\000o\000m\000p\000u\000t\000e\000r}{section.3.1}% 35
\BOOKMARK [2][-]{subsection.3.1.2}{\376\377\000T\000h\000e\000\040\000A\000b\000i\000l\000i\000t\000y\000\040\000T\000o\000\040\000I\000n\000i\000t\000i\000a\000l\000i\000s\000e\000d\000\040\000Q\000u\000b\000i\000t\000s\000\040\000t\000o\000\040\000A\000\040\000F\000i\000d\000u\000c\000i\000a\000l\000\040\000S\000t\000a\000t\000e}{section.3.1}% 36
\BOOKMARK [2][-]{subsection.3.1.3}{\376\377\000R\000e\000q\000u\000i\000r\000e\000m\000e\000n\000t\000\040\000f\000o\000r\000\040\000S\000u\000f\000f\000i\000c\000i\000e\000n\000t\000l\000y\000\040\000L\000o\000n\000g\000\040\000R\000e\000l\000e\000v\000a\000n\000t\000\040\000D\000e\000c\000o\000h\000e\000r\000e\000n\000c\000e\000\040\000T\000i\000m\000e\000s}{section.3.1}% 37
\BOOKMARK [2][-]{subsection.3.1.4}{\376\377\000P\000h\000y\000s\000i\000c\000a\000l\000\040\000P\000r\000e\000p\000a\000r\000a\000t\000i\000o\000n\000\040\000o\000f\000\040\000E\000n\000t\000a\000n\000g\000l\000e\000d\000\040\000Q\000u\000b\000i\000t\000\040\000P\000a\000i\000r\000s}{section.3.1}% 38
\BOOKMARK [2][-]{subsection.3.1.5}{\376\377\000U\000n\000i\000v\000e\000r\000s\000a\000l\000\040\000S\000e\000t\000\040\000o\000f\000\040\000Q\000u\000a\000n\000t\000u\000m\000\040\000G\000a\000t\000e\000s}{section.3.1}% 39
\BOOKMARK [2][-]{subsection.3.1.6}{\376\377\000A\000\040\000Q\000u\000b\000i\000t\000-\000S\000p\000e\000c\000i\000f\000i\000c\000\040\000M\000e\000a\000s\000u\000r\000e\000m\000e\000n\000t\000\040\000C\000a\000p\000a\000b\000i\000l\000i\000t\000y}{section.3.1}% 40
\BOOKMARK [1][-]{section.3.2}{\376\377\000C\000r\000i\000t\000e\000r\000i\000a\000\040\000f\000o\000r\000\040\000Q\000u\000a\000n\000t\000u\000m\000\040\000C\000o\000m\000m\000u\000n\000i\000c\000a\000t\000i\000o\000n}{chapter.3}% 41
\BOOKMARK [2][-]{subsection.3.2.1}{\376\377\000Q\000u\000a\000n\000t\000u\000m\000\040\000C\000o\000m\000m\000u\000n\000i\000c\000a\000t\000i\000o\000n\000\040\000C\000o\000m\000p\000l\000e\000x\000i\000t\000y}{section.3.2}% 42
\BOOKMARK [2][-]{subsection.3.2.2}{\376\377\000P\000h\000y\000s\000i\000c\000a\000l\000\040\000R\000e\000a\000l\000i\000s\000a\000t\000i\000o\000n\000s\000\040\000o\000f\000\040\000Q\000u\000a\000n\000t\000u\000m\000\040\000C\000o\000m\000m\000u\000n\000i\000c\000a\000t\000i\000o\000n\000\040\000C\000h\000a\000n\000n\000e\000l\000s}{section.3.2}% 43
\BOOKMARK [2][-]{subsection.3.2.3}{\376\377\000C\000o\000m\000m\000u\000n\000i\000c\000a\000t\000i\000o\000n\000\040\000i\000n\000\040\000Q\000u\000a\000n\000t\000u\000m\000\040\000K\000e\000y\000\040\000D\000i\000s\000t\000r\000i\000b\000u\000t\000i\000o\000n\000\040\000N\000e\000t\000w\000o\000r\000k\000s}{section.3.2}% 44
\BOOKMARK [2][-]{subsection.3.2.4}{\376\377\000M\000e\000t\000h\000o\000d\000s\000\040\000f\000o\000r\000\040\000P\000r\000e\000v\000e\000n\000t\000i\000n\000g\000\040\000F\000a\000k\000e\000-\000A\000t\000t\000a\000c\000k\000s\000\040\000a\000n\000d\000\040\000T\000i\000m\000e\000-\000S\000h\000i\000f\000t\000\040\000A\000t\000t\000a\000c\000k\000s}{section.3.2}% 45
\BOOKMARK [1][-]{section.3.3}{\376\377\000B\000i\000t\000\040\000M\000a\000p\000p\000i\000n\000g\000\040\000a\000n\000d\000\040\000Q\000u\000b\000i\000t\000\040\000M\000a\000p\000p\000i\000n\000g\000\040\000f\000o\000r\000\040\000Q\000u\000a\000n\000t\000u\000m\000\040\000C\000o\000m\000p\000u\000t\000i\000n\000g\000\040\000H\000a\000r\000d\000w\000a\000r\000e\000\040\000P\000l\000a\000t\000f\000o\000r\000m\000s}{chapter.3}% 46
\BOOKMARK [2][-]{subsection.3.3.1}{\376\377\000O\000p\000t\000i\000c\000a\000l\000\040\000B\000i\000t\000\040\000M\000a\000p\000p\000i\000n\000g}{section.3.3}% 47
\BOOKMARK [2][-]{subsection.3.3.2}{\376\377\000D\000i\000f\000f\000e\000r\000e\000n\000t\000i\000a\000t\000i\000n\000g\000\040\000B\000e\000t\000w\000e\000e\000n\000\040\000P\000h\000y\000s\000i\000c\000a\000l\000\040\000Q\000u\000b\000i\000t\000s\000\040\000a\000n\000d\000\040\000L\000o\000g\000i\000c\000a\000l\000\040\000Q\000u\000b\000i\000t\000s}{section.3.3}% 48
\BOOKMARK [2][-]{subsection.3.3.3}{\376\377\000M\000o\000d\000e\000l\000l\000i\000n\000g\000\040\000Q\000u\000a\000n\000t\000u\000m\000\040\000C\000o\000m\000p\000u\000t\000e\000r\000s\000\040\000w\000i\000t\000h\000\040\000P\000h\000y\000s\000i\000c\000a\000l\000\040\000a\000n\000d\000\040\000L\000o\000g\000i\000c\000a\000l\000\040\000Q\000u\000b\000i\000t\000s}{section.3.3}% 49
\BOOKMARK [1][-]{section.3.4}{\376\377\000R\000e\000p\000r\000e\000s\000e\000n\000t\000a\000t\000i\000o\000n\000s\000\040\000o\000f\000\040\000Q\000u\000b\000i\000t\000s\000\040\000i\000n\000\040\000F\000P\000G\000A\000-\000B\000a\000s\000e\000d\000\040\000Q\000u\000a\000n\000t\000u\000m\000\040\000C\000o\000m\000p\000u\000t\000e\000r\000\040\000E\000m\000u\000l\000a\000t\000i\000o\000n\000s\000\040}{chapter.3}% 50
\BOOKMARK [2][-]{subsection.3.4.1}{\376\377\000A\000s\000s\000i\000g\000n\000i\000n\000g\000\040\000P\000r\000o\000b\000a\000b\000i\000l\000i\000t\000i\000e\000s\000\040\000t\000o\000\040\000I\000n\000p\000u\000t\000-\000a\000n\000d\000-\000O\000u\000t\000p\000u\000t\000\040\000T\000a\000b\000l\000e\000s}{section.3.4}% 51
\BOOKMARK [2][-]{subsection.3.4.2}{\376\377\000R\000e\000p\000r\000e\000s\000e\000n\000t\000i\000n\000g\000\040\000Q\000u\000b\000i\000t\000\040\000P\000r\000o\000b\000a\000b\000i\000l\000i\000t\000i\000e\000s\000\040\000U\000s\000i\000n\000g\000\040\000A\000\040\000F\000i\000x\000e\000d\000-\000P\000o\000i\000n\000t\000\040\000S\000c\000h\000e\000m\000e\000\040\000w\000i\000t\000h\000\040\000M\000a\000n\000t\000i\000s\000s\000a\000\040\000B\000i\000t\000s}{section.3.4}% 52
\BOOKMARK [2][-]{subsection.3.4.3}{\376\377\000E\000m\000u\000l\000a\000t\000i\000o\000n\000\040\000A\000c\000c\000u\000r\000a\000c\000y\000\040\000a\000n\000d\000\040\000L\000o\000g\000i\000c\000\040\000C\000e\000l\000l\000\040\000U\000s\000a\000g\000e}{section.3.4}% 53
\BOOKMARK [2][-]{subsection.3.4.4}{\376\377\000R\000e\000p\000r\000e\000s\000e\000n\000t\000i\000n\000g\000\040\000Q\000u\000b\000i\000t\000s\000\040\000o\000n\000\040\000a\000\040\000B\000l\000o\000c\000h\000\040\000S\000p\000h\000e\000r\000e\000\040\000T\000o\000\040\000E\000m\000u\000l\000a\000t\000e\000\040\000E\000n\000t\000a\000n\000g\000l\000e\000m\000e\000n\000t\000\040\000U\000s\000i\000n\000g\000\040\000V\000H\000D\000L}{section.3.4}% 54
\BOOKMARK [2][-]{subsection.3.4.5}{\376\377\000R\000e\000p\000r\000e\000s\000e\000n\000t\000i\000n\000g\000\040\000Q\000u\000b\000i\000t\000\040\000S\000t\000a\000t\000e\000\040\000V\000e\000c\000t\000o\000r\000s\000\040\000i\000n\000\040\000a\000\040\000U\000n\000i\000t\000\040\000C\000i\000r\000c\000l\000e\000\040\000U\000s\000i\000n\000g\000\040\000Q\000u\000a\000n\000t\000u\000m\000\040\000C\000e\000l\000l\000s}{section.3.4}% 55
\BOOKMARK [1][-]{section.3.5}{\376\377\000E\000m\000u\000l\000a\000t\000i\000n\000g\000\040\000Q\000u\000a\000n\000t\000u\000m\000\040\000G\000a\000t\000e\000s\000\040\000a\000n\000d\000\040\000Q\000u\000a\000n\000t\000u\000m\000\040\000C\000i\000r\000c\000u\000i\000t\000s\000\040\000o\000n\000\040\000F\000P\000G\000A\000s\000\040}{chapter.3}% 56
\BOOKMARK [2][-]{subsection.3.5.1}{\376\377\000I\000m\000p\000l\000e\000m\000e\000n\000t\000i\000n\000g\000\040\000G\000a\000t\000e\000s\000\040\000t\000o\000\040\000S\000o\000l\000v\000e\000\040\000a\000\040\000P\000r\000o\000b\000l\000e\000m\000\040\000F\000u\000n\000c\000t\000i\000o\000n}{section.3.5}% 57
\BOOKMARK [2][-]{subsection.3.5.2}{\376\377\000E\000m\000u\000l\000a\000t\000i\000n\000g\000\040\000Q\000u\000a\000n\000t\000u\000m\000\040\000G\000a\000t\000e\000\040\000O\000p\000e\000r\000a\000t\000i\000o\000n\000s\000\040\000U\000s\000i\000n\000g\000\040\000a\000\040\000L\000o\000g\000i\000c\000\040\000C\000e\000l\000l\000s}{section.3.5}% 58
\BOOKMARK [2][-]{subsection.3.5.3}{\376\377\000E\000m\000u\000l\000a\000t\000i\000n\000g\000\040\000Q\000u\000a\000n\000t\000u\000m\000\040\000G\000a\000t\000e\000s\000\040\000t\000h\000a\000t\000\040\000P\000r\000o\000d\000u\000c\000e\000\040\000E\000n\000t\000a\000n\000g\000l\000e\000d\000\040\000S\000t\000a\000t\000e\000s}{section.3.5}% 59
\BOOKMARK [2][-]{subsection.3.5.4}{\376\377\000A\000d\000j\000u\000s\000t\000i\000n\000g\000\040\000S\000t\000a\000t\000e\000\040\000M\000a\000c\000h\000i\000n\000e\000\040\000C\000o\000r\000r\000e\000s\000p\000o\000n\000d\000i\000n\000g\000\040\000t\000o\000\040\000U\000n\000i\000t\000a\000r\000y\000\040\000O\000p\000e\000r\000a\000t\000i\000o\000n\000s}{section.3.5}% 60
\BOOKMARK [2][-]{subsection.3.5.5}{\376\377\000Q\000u\000a\000n\000t\000u\000m\000\040\000F\000o\000u\000r\000i\000e\000r\000\040\000T\000r\000a\000n\000s\000f\000o\000r\000m\000\040\000I\000m\000p\000l\000e\000m\000e\000n\000t\000a\000t\000i\000o\000n\000s\000\040\000u\000s\000i\000n\000g\000\040\000D\000S\000P\000\040\000B\000l\000o\000c\000k\000s}{section.3.5}% 61
\BOOKMARK [2][-]{subsection.3.5.6}{\376\377\000C\000o\000n\000c\000u\000r\000r\000e\000n\000t\000\040\000v\000s\000\040\000S\000e\000q\000u\000e\000n\000t\000i\000a\000l\000\040\000I\000m\000p\000l\000e\000m\000e\000n\000t\000a\000t\000i\000o\000n\000s\000\040\000o\000f\000\040\000Q\000u\000a\000n\000t\000u\000m\000\040\000G\000a\000t\000e\000\040\000O\000p\000e\000r\000a\000t\000i\000o\000n\000s}{section.3.5}% 62
\BOOKMARK [2][-]{subsection.3.5.7}{\376\377\000E\000m\000u\000l\000a\000t\000e\000d\000\040\000Q\000u\000a\000n\000t\000u\000m\000\040\000G\000a\000t\000e\000\040}{section.3.5}% 63
\BOOKMARK [2][-]{subsection.3.5.8}{\376\377\000M\000e\000m\000o\000r\000y\000\040\000C\000o\000n\000s\000i\000d\000e\000r\000a\000t\000i\000o\000n\000s\000\040\000f\000o\000r\000\040\000E\000m\000u\000l\000a\000t\000i\000n\000g\000\040\000Q\000u\000a\000n\000t\000u\000m\000\040\000G\000a\000t\000e\000s}{section.3.5}% 64
\BOOKMARK [1][-]{section.3.6}{\376\377\000T\000e\000s\000t\000i\000n\000g\000\040\000a\000n\000d\000\040\000B\000e\000n\000c\000h\000m\000a\000r\000k\000i\000n\000g\000\040\000t\000h\000e\000\040\000P\000e\000r\000f\000o\000r\000m\000a\000n\000c\000e\000\040\000o\000f\000\040\000F\000P\000G\000A\000-\000B\000a\000s\000e\000d\000\040\000Q\000u\000a\000n\000t\000u\000m\000\040\000C\000o\000m\000p\000u\000t\000e\000r\000\040\000E\000m\000u\000l\000a\000t\000o\000r\000s}{chapter.3}% 65
\BOOKMARK [0][-]{chapter.4}{\376\377\000\040\000M\000e\000t\000h\000o\000d\000o\000l\000o\000g\000y}{}% 66
\BOOKMARK [1][-]{section.4.1}{\376\377\000M\000e\000t\000h\000o\000d\000o\000l\000o\000g\000y\000\040\000O\000u\000t\000l\000i\000n\000e\000\040}{chapter.4}% 67
\BOOKMARK [2][-]{subsection.4.1.1}{\376\377\000P\000h\000a\000s\000e\000s\000\040\000i\000n\000\040\000t\000h\000e\000\040\000R\000e\000s\000e\000a\000r\000c\000h\000\040\000a\000n\000d\000\040\000D\000e\000s\000i\000g\000n\000\040\000P\000r\000o\000c\000e\000s\000s\000\040}{section.4.1}% 68
\BOOKMARK [1][-]{section.4.2}{\376\377\000S\000y\000s\000t\000e\000m\000\040\000R\000e\000q\000u\000i\000r\000e\000m\000e\000n\000t\000s\000\040}{chapter.4}% 69
\BOOKMARK [2][-]{subsection.4.2.1}{\376\377\000U\000s\000e\000r\000\040\000R\000e\000q\000u\000i\000r\000e\000m\000e\000n\000t\000s\000\040}{section.4.2}% 70
\BOOKMARK [2][-]{subsection.4.2.2}{\376\377\000F\000u\000n\000c\000t\000i\000o\000n\000a\000l\000\040\000R\000e\000q\000u\000i\000r\000e\000m\000e\000n\000t\000s\000\040}{section.4.2}% 71
\BOOKMARK [2][-]{subsection.4.2.3}{\376\377\000N\000o\000n\000-\000F\000u\000n\000c\000t\000i\000o\000n\000a\000l\000\040\000R\000e\000q\000u\000i\000r\000e\000m\000e\000n\000t\000s\000\040}{section.4.2}% 72
\BOOKMARK [1][-]{section.4.3}{\376\377\000R\000e\000q\000u\000i\000r\000e\000m\000e\000n\000t\000s\000\040\000A\000n\000a\000l\000y\000s\000i\000s\000\040}{chapter.4}% 73
\BOOKMARK [2][-]{subsection.4.3.1}{\376\377\000D\000e\000s\000c\000r\000i\000p\000t\000i\000o\000n\000\040\000o\000f\000\040\000D\000e\000s\000i\000g\000n\000\040\000M\000o\000d\000u\000l\000a\000r\000i\000s\000a\000t\000i\000o\000n}{section.4.3}% 74
\BOOKMARK [3][-]{subsubsection.4.3.1.1}{\376\377\000S\000i\000n\000g\000l\000e\000-\000P\000h\000o\000t\000o\000n\000\040\000I\000n\000i\000t\000i\000a\000l\000i\000s\000a\000t\000i\000o\000n\000\040\000S\000u\000b\000s\000y\000s\000t\000e\000m}{subsection.4.3.1}% 75
\BOOKMARK [3][-]{subsubsection.4.3.1.2}{\376\377\000F\000l\000y\000i\000n\000g\000\040\000Q\000u\000b\000i\000t\000\040\000D\000e\000t\000e\000c\000t\000i\000o\000n\000\040\000S\000u\000b\000s\000y\000s\000t\000e\000m}{subsection.4.3.1}% 76
\BOOKMARK [3][-]{subsubsection.4.3.1.3}{\376\377\000Q\000u\000a\000n\000t\000u\000m\000\040\000A\000l\000g\000o\000r\000i\000t\000h\000m\000\040\000E\000m\000u\000l\000a\000t\000o\000r\000\040\000S\000u\000b\000s\000y\000s\000t\000e\000m}{subsection.4.3.1}% 77
\BOOKMARK [3][-]{subsubsection.4.3.1.4}{\376\377\000U\000s\000e\000r\000\040\000I\000n\000t\000e\000r\000f\000a\000c\000e\000\040\000S\000u\000b\000s\000y\000s\000t\000e\000m}{subsection.4.3.1}% 78
\BOOKMARK [2][-]{subsection.4.3.2}{\376\377\000F\000P\000G\000A\000\040\000R\000e\000s\000o\000u\000r\000c\000e\000s\000\040\000f\000o\000r\000\040\000M\000o\000d\000e\000l\000l\000i\000n\000g\000\040\000Q\000u\000a\000n\000t\000u\000m\000\040\000S\000t\000a\000t\000e\000s\000\040}{section.4.3}% 79
\BOOKMARK [2][-]{subsection.4.3.3}{\376\377\000E\000m\000u\000l\000a\000t\000i\000o\000n\000\040\000A\000c\000c\000u\000r\000a\000c\000y\000\040\000i\000n\000\040\000R\000e\000l\000a\000t\000i\000o\000n\000\040\000t\000o\000\040\000Q\000u\000a\000n\000t\000u\000m\000\040\000S\000t\000a\000t\000e\000\040\000A\000m\000p\000l\000i\000t\000u\000d\000e\000s}{section.4.3}% 80
\BOOKMARK [2][-]{subsection.4.3.4}{\376\377\000G\000r\000a\000p\000h\000i\000c\000a\000l\000\040\000R\000e\000p\000r\000e\000s\000e\000n\000t\000a\000t\000i\000o\000n\000s\000\040\000o\000f\000\040\000Q\000u\000b\000i\000t\000s}{section.4.3}% 81
\BOOKMARK [2][-]{subsection.4.3.5}{\376\377\000M\000e\000t\000h\000o\000d\000s\000\040\000f\000o\000r\000\040\000I\000n\000i\000t\000i\000a\000l\000i\000s\000i\000n\000g\000\040\000Q\000u\000b\000i\000t\000s\000\040\000a\000n\000d\000\040\000T\000r\000a\000n\000s\000m\000i\000t\000t\000i\000n\000g\000\040\000Q\000u\000a\000n\000t\000u\000m\000\040\000I\000n\000f\000o\000r\000m\000a\000t\000i\000o\000n\000\040\000t\000h\000r\000o\000u\000g\000h\000\040\000a\000\040\000Q\000u\000a\000n\000t\000u\000m\000\040\000C\000h\000a\000n\000n\000e\000l\000\040}{section.4.3}% 82
\BOOKMARK [3][-]{subsubsection.4.3.5.1}{\376\377\000Q\000u\000a\000n\000t\000u\000m\000\040\000C\000h\000a\000n\000n\000e\000l\000\040\000T\000r\000a\000n\000s\000m\000i\000s\000s\000i\000o\000n\000\040\000M\000o\000d\000e\000\040\0001\000:\000\040\000F\000l\000y\000i\000n\000g\000-\000Q\000u\000b\000i\000t\000s\000\040\000i\000n\000\040\000B\000i\000n\000a\000r\000y\000\040\000E\000n\000c\000o\000d\000e\000d\000\040\000Q\000u\000a\000n\000t\000u\000m\000\040\000R\000e\000g\000i\000s\000t\000e\000r\000s}{subsection.4.3.5}% 83
\BOOKMARK [3][-]{subsubsection.4.3.5.2}{\376\377\000Q\000u\000a\000n\000t\000u\000m\000\040\000C\000h\000a\000n\000n\000e\000l\000\040\000T\000r\000a\000n\000s\000m\000i\000s\000s\000i\000o\000n\000\040\000M\000o\000d\000e\000\040\0002\000:\000\040\000C\000o\000m\000m\000u\000n\000i\000c\000a\000t\000i\000n\000g\000\040\000w\000i\000t\000h\000\040\000Q\000u\000a\000n\000t\000u\000m\000\040\000S\000t\000a\000t\000e\000\040\000H\000i\000l\000b\000e\000r\000t\000\040\000S\000p\000a\000c\000e\000s}{subsection.4.3.5}% 84
\BOOKMARK [2][-]{subsection.4.3.6}{\376\377\000F\000l\000y\000i\000n\000g\000\040\000Q\000u\000b\000i\000t\000\040\000D\000e\000t\000e\000c\000t\000i\000o\000n\000\040\000a\000n\000d\000\040\000S\000y\000n\000c\000h\000r\000o\000n\000i\000s\000a\000t\000i\000o\000n\000\040\000o\000f\000\040\000C\000l\000a\000s\000s\000i\000c\000a\000l\000\040\000a\000n\000d\000\040\000Q\000u\000a\000n\000t\000u\000m\000\040\000S\000y\000s\000t\000e\000m\000s\000\040}{section.4.3}% 85
\BOOKMARK [2][-]{subsection.4.3.7}{\376\377\000S\000t\000o\000r\000i\000n\000g\000\040\000Q\000u\000b\000i\000t\000s\000\040\000o\000n\000\040\000t\000h\000e\000\040\000F\000P\000G\000A}{section.4.3}% 86
\BOOKMARK [2][-]{subsection.4.3.8}{\376\377\000S\000i\000m\000u\000l\000a\000t\000i\000n\000g\000\040\000Q\000u\000a\000n\000t\000u\000m\000\040\000A\000l\000g\000o\000r\000i\000t\000h\000m\000s\000\040\000o\000n\000\040\000a\000\040\000F\000P\000G\000A\000\040}{section.4.3}% 87
\BOOKMARK [3][-]{subsubsection.4.3.8.1}{\376\377\000S\000e\000t\000\040\000o\000f\000\040\000U\000n\000i\000v\000e\000r\000s\000a\000l\000\040\000S\000e\000t\000\040\000o\000f\000\040\000Q\000u\000a\000n\000t\000u\000m\000\040\000G\000a\000t\000e\000s}{subsection.4.3.8}% 88
\BOOKMARK [3][-]{subsubsection.4.3.8.2}{\376\377\000Q\000u\000a\000n\000t\000u\000m\000\040\000T\000e\000l\000e\000p\000o\000r\000t\000a\000t\000i\000o\000n\000\040\000D\000e\000s\000i\000g\000n\000\040\000C\000o\000n\000s\000i\000d\000e\000r\000a\000t\000i\000o\000n\000s\000\040\000f\000o\000r\000\040\000H\000a\000r\000d\000w\000a\000r\000e\000\040\000E\000m\000u\000l\000a\000t\000i\000o\000n}{subsection.4.3.8}% 89
\BOOKMARK [3][-]{subsubsection.4.3.8.3}{\376\377\000S\000i\000m\000u\000l\000a\000t\000i\000n\000g\000\040\000t\000h\000e\000\040\000Q\000F\000T\000\040\000T\000r\000a\000n\000s\000f\000o\000r\000m\000\040\000Q\000u\000a\000n\000t\000u\000m\000\040\000C\000i\000r\000c\000u\000i\000t}{subsection.4.3.8}% 90
\BOOKMARK [3][-]{subsubsection.4.3.8.4}{\376\377\000Q\000u\000a\000n\000t\000u\000m\000\040\000F\000a\000c\000t\000o\000r\000i\000n\000g\000\040\000A\000l\000g\000o\000r\000i\000t\000h\000m}{subsection.4.3.8}% 91
\BOOKMARK [3][-]{subsubsection.4.3.8.5}{\376\377\000E\000m\000u\000l\000a\000t\000i\000o\000n\000\040\000o\000f\000\040\000G\000r\000o\000v\000e\000r\000'\000s\000\040\000A\000l\000g\000o\000r\000i\000t\000h\000m}{subsection.4.3.8}% 92
\BOOKMARK [2][-]{subsection.4.3.9}{\376\377\000D\000e\000s\000i\000g\000n\000\040\000T\000o\000o\000l\000s\000\040\000a\000n\000d\000\040\000W\000o\000r\000k\000f\000l\000o\000w}{section.4.3}% 93
\BOOKMARK [1][-]{section.4.4}{\376\377\000S\000u\000m\000m\000a\000r\000y}{chapter.4}% 94
\BOOKMARK [0][-]{chapter.5}{\376\377\000\040\000D\000e\000s\000i\000g\000n\000\040\000C\000a\000s\000e\000\040\000S\000t\000u\000d\000y}{}% 95
\BOOKMARK [1][-]{section.5.1}{\376\377\000D\000e\000s\000i\000g\000n\000\040\000S\000p\000e\000c\000i\000f\000i\000c\000a\000t\000i\000o\000n\000s\000\040}{chapter.5}% 96
\BOOKMARK [2][-]{subsection.5.1.1}{\376\377\000S\000i\000n\000g\000l\000e\000-\000P\000h\000o\000t\000o\000n\000\040\000Q\000u\000b\000i\000t\000\040\000I\000n\000i\000t\000i\000a\000l\000i\000s\000a\000t\000i\000o\000n\000\040\000S\000u\000b\000s\000y\000s\000t\000e\000m\000\040\000S\000p\000e\000c\000i\000f\000i\000c\000a\000t\000i\000o\000n\000s\000\040}{section.5.1}% 97
\BOOKMARK [3][-]{subsubsection.5.1.1.1}{\376\377\000G\000e\000n\000e\000r\000a\000t\000e\000\040\000a\000\040\000N\000o\000r\000m\000a\000l\000i\000s\000e\000d\000\040\000D\000i\000s\000t\000r\000i\000b\000u\000t\000i\000o\000n\000\040\000o\000f\000\040\000P\000r\000o\000b\000a\000b\000i\000l\000i\000t\000i\000e\000s\000\040\000n\000-\000Q\000u\000b\000i\000t\000\040\000S\000y\000s\000t\000e\000m\000s}{subsection.5.1.1}% 98
\BOOKMARK [3][-]{subsubsection.5.1.1.2}{\376\377\000I\000n\000i\000t\000i\000a\000l\000i\000s\000e\000\040\000Q\000u\000b\000i\000t\000s\000\040\000o\000n\000\040\000t\000h\000e\000\040\000S\000T\000M\0003\0002\000\040\000M\000i\000c\000r\000o\000c\000o\000n\000t\000r\000o\000l\000l\000e\000r\000\040\000U\000s\000i\000n\000g\000\040\000P\000u\000s\000h\000-\000B\000u\000t\000t\000o\000n\000s}{subsection.5.1.1}% 99
\BOOKMARK [2][-]{subsection.5.1.2}{\376\377\000F\000l\000y\000i\000n\000g\000-\000Q\000u\000b\000i\000t\000\040\000D\000e\000t\000e\000c\000t\000i\000o\000n\000\040\000S\000u\000b\000s\000y\000s\000t\000e\000m\000\040\000S\000p\000e\000c\000i\000f\000i\000c\000a\000t\000i\000o\000n\000s\000\040}{section.5.1}% 100
\BOOKMARK [3][-]{subsubsection.5.1.2.1}{\376\377\000T\000r\000a\000n\000s\000m\000i\000t\000\040\000Q\000u\000b\000i\000t\000s\000\040\000i\000n\000\040\000t\000h\000e\000\040\000Q\000u\000a\000n\000t\000u\000m\000\040\000C\000h\000a\000n\000n\000e\000l\000\040\000o\000f\000\040\000t\000h\000e\000\040\000Q\000u\000a\000n\000t\000u\000m\000\040\000I\000n\000t\000e\000r\000f\000a\000c\000e}{subsection.5.1.2}% 101
\BOOKMARK [3][-]{subsubsection.5.1.2.2}{\376\377\000F\000l\000y\000i\000n\000g\000-\000Q\000u\000b\000i\000t\000\040\000D\000e\000t\000e\000c\000t\000i\000o\000n\000\040\000S\000y\000s\000t\000e\000m}{subsection.5.1.2}% 102
\BOOKMARK [2][-]{subsection.5.1.3}{\376\377\000Q\000u\000a\000n\000t\000u\000m\000\040\000A\000l\000g\000o\000r\000i\000t\000h\000m\000\040\000S\000u\000b\000s\000y\000s\000t\000e\000m\000\040\000S\000p\000e\000c\000i\000f\000i\000c\000a\000t\000i\000o\000n\000s\000\040}{section.5.1}% 103
\BOOKMARK [3][-]{subsubsection.5.1.3.1}{\376\377\000U\000n\000i\000v\000e\000r\000s\000a\000l\000\040\000S\000e\000t\000\040\000o\000f\000\040\000Q\000u\000a\000n\000t\000u\000m\000\040\000G\000a\000t\000e\000s}{subsection.5.1.3}% 104
\BOOKMARK [3][-]{subsubsection.5.1.3.2}{\376\377\000E\000m\000u\000l\000a\000t\000e\000\040\000t\000h\000e\000\040\000Q\000u\000a\000n\000t\000u\000m\000\040\000T\000e\000l\000e\000p\000o\000r\000t\000a\000t\000i\000o\000n\000\040\000A\000l\000g\000o\000r\000i\000t\000h\000m}{subsection.5.1.3}% 105
\BOOKMARK [3][-]{subsubsection.5.1.3.3}{\376\377\000E\000m\000u\000l\000a\000t\000i\000n\000g\000\040\000t\000h\000e\000\040\000Q\000u\000a\000n\000t\000u\000m\000\040\000F\000o\000u\000r\000i\000e\000r\000\040\000T\000r\000a\000n\000s\000f\000o\000r\000m}{subsection.5.1.3}% 106
\BOOKMARK [3][-]{subsubsection.5.1.3.4}{\376\377\000E\000m\000u\000l\000a\000t\000i\000n\000g\000\040\000t\000h\000e\000\040\000Q\000u\000a\000n\000t\000u\000m\000\040\000F\000a\000c\000t\000o\000r\000i\000n\000g\000\040\000A\000l\000g\000o\000r\000i\000t\000h\000m}{subsection.5.1.3}% 107
\BOOKMARK [3][-]{subsubsection.5.1.3.5}{\376\377\000E\000m\000u\000l\000a\000t\000i\000n\000g\000\040\000t\000h\000e\000\040\000Q\000u\000a\000n\000t\000u\000m\000\040\000S\000e\000a\000r\000c\000h\000\040\000A\000l\000g\000o\000r\000i\000t\000h\000m}{subsection.5.1.3}% 108
\BOOKMARK [2][-]{subsection.5.1.4}{\376\377\000U\000s\000e\000r\000\040\000I\000n\000t\000e\000r\000f\000a\000c\000e\000\040\000S\000p\000e\000c\000i\000f\000i\000c\000a\000t\000i\000o\000n\000s}{section.5.1}% 109
\BOOKMARK [0][-]{chapter.6}{\376\377\000\040\000R\000e\000s\000u\000l\000t\000s\000\040\000a\000n\000d\000\040\000D\000i\000s\000c\000u\000s\000s\000i\000o\000n}{}% 110
\BOOKMARK [1][-]{section.6.1}{\376\377\000N\000o\000r\000m\000a\000l\000i\000s\000e\000d\000\040\000D\000i\000s\000t\000r\000i\000b\000u\000t\000i\000o\000n\000\040\000o\000f\000\040\000P\000r\000o\000b\000a\000b\000i\000l\000i\000t\000i\000e\000s\000\040\000f\000o\000r\000\040\000n\000-\000Q\000u\000b\000i\000t\000\040\000S\000y\000s\000t\000e\000m\000s}{chapter.6}% 111
\BOOKMARK [1][-]{section.6.2}{\376\377\000F\000l\000y\000i\000n\000g\000\040\000Q\000u\000b\000i\000t\000\040\000T\000r\000a\000n\000s\000m\000i\000s\000s\000i\000o\000n}{chapter.6}% 112
\BOOKMARK [2][-]{subsubsection.6.2.0.1}{\376\377\000I\000n\000i\000t\000i\000a\000l\000i\000s\000e\000\040\000Q\000u\000b\000i\000t\000s\000\040\000o\000n\000\040\000t\000h\000e\000\040\000S\000T\000M\0003\0002\000\040\000M\000i\000c\000r\000o\000c\000o\000n\000t\000r\000o\000l\000l\000e\000r\000\040\000U\000s\000i\000n\000g\000\040\000P\000u\000s\000h\000-\000B\000u\000t\000t\000o\000n\000s}{section.6.2}% 113
\BOOKMARK [1][-]{section.6.3}{\376\377\000E\000m\000u\000l\000a\000t\000i\000o\000n\000\040\000o\000f\000\040\000Q\000u\000a\000n\000t\000u\000m\000\040\000T\000e\000l\000e\000p\000o\000r\000t\000a\000t\000i\000o\000n\000\040\000A\000l\000g\000o\000r\000i\000t\000h\000m}{chapter.6}% 114
\BOOKMARK [1][-]{section.6.4}{\376\377\000E\000m\000u\000l\000a\000t\000i\000n\000g\000\040\000t\000h\000e\000\040\000Q\000u\000a\000n\000t\000u\000m\000\040\000F\000o\000u\000r\000i\000e\000r\000\040\000T\000r\000a\000n\000s\000f\000o\000r\000m}{chapter.6}% 115
\BOOKMARK [1][-]{section.6.5}{\376\377\000E\000m\000u\000l\000a\000t\000i\000o\000n\000\040\000o\000f\000\040\000t\000h\000e\000\040\000Q\000u\000a\000n\000t\000u\000m\000\040\000S\000e\000a\000r\000c\000h\000\040\000A\000l\000g\000o\000r\000i\000t\000h\000m}{chapter.6}% 116
\BOOKMARK [0][-]{chapter.7}{\376\377\000\040\000C\000o\000n\000c\000l\000u\000s\000i\000o\000n\000s\000\040\000a\000n\000d\000\040\000F\000u\000r\000t\000h\000e\000r\000\040\000W\000o\000r\000k}{}% 117
\BOOKMARK [1][-]{section.7.1}{\376\377\000C\000o\000n\000c\000l\000u\000s\000i\000o\000n\000s}{chapter.7}% 118
\BOOKMARK [1][-]{section.7.2}{\376\377\000R\000e\000c\000o\000m\000m\000e\000n\000d\000a\000t\000i\000o\000n\000s\000\040\000F\000o\000r\000\040\000F\000u\000r\000t\000h\000e\000r\000\040\000W\000o\000r\000k}{chapter.7}% 119
\BOOKMARK [0][-]{appendix.A}{\376\377\000G\000A\000\040\000A\000s\000s\000e\000s\000s\000m\000e\000n\000t}{}% 120
\BOOKMARK [1][-]{section.A.1}{\376\377\000G\000A\0001\000:\000\040\000P\000r\000o\000b\000l\000e\000m\000\040\000S\000o\000l\000v\000i\000n\000g}{appendix.A}% 121
\BOOKMARK [1][-]{section.A.2}{\376\377\000G\000A\0004\000:\000\040\000I\000n\000v\000e\000s\000t\000i\000g\000a\000t\000i\000o\000n\000s\000,\000\040\000E\000x\000p\000e\000r\000i\000m\000e\000n\000t\000s\000,\000\040\000a\000n\000d\000\040\000D\000a\000t\000a\000\040\000A\000n\000a\000l\000y\000s\000i\000s}{appendix.A}% 122
\BOOKMARK [1][-]{section.A.3}{\376\377\000G\000A\0005\000:\000\040\000U\000s\000e\000\040\000o\000f\000\040\000E\000n\000g\000i\000n\000e\000e\000r\000i\000n\000g\000\040\000T\000o\000o\000l\000s}{appendix.A}% 123
\BOOKMARK [1][-]{section.A.4}{\376\377\000G\000A\0006\000:\000\040\000P\000r\000o\000f\000e\000s\000s\000i\000o\000n\000a\000l\000\040\000a\000n\000d\000\040\000T\000e\000c\000h\000n\000i\000c\000a\000l\000\040\000C\000o\000m\000m\000u\000n\000i\000c\000a\000t\000i\000o\000n}{appendix.A}% 124
\BOOKMARK [1][-]{section.A.5}{\376\377\000G\000A\000\040\0008\000:\000\040\000I\000n\000d\000i\000v\000i\000d\000u\000a\000l\000\040\000W\000o\000r\000k\000i\000n\000g}{appendix.A}% 125
\BOOKMARK [1][-]{section.A.6}{\376\377\000G\000A\000\040\0009\000:\000\040\000I\000n\000d\000e\000p\000e\000n\000d\000e\000n\000t\000\040\000L\000e\000a\000r\000n\000i\000n\000g\000\040\000A\000b\000i\000l\000i\000t\000y}{appendix.A}% 126
