Copyright 1986-2022 Xilinx, Inc. All Rights Reserved. Copyright 2022-2024 Advanced Micro Devices, Inc. All Rights Reserved.
------------------------------------------------------------------------------------------------------------------------------------------------------------------------------
| Tool Version : Vivado v.2024.1 (lin64) Build 5076996 Wed May 22 18:36:09 MDT 2024
| Date         : Sat Oct 26 00:38:59 2024
| Host         : bonga running 64-bit Ubuntu 22.04.5 LTS
| Command      : report_timing_summary -delay_type min_max -report_unconstrained -check_timing_verbose -max_paths 3 -nworst 3 -name timing_post_map -file timing_post_map.rpt
| Design       : qft_3qubit_fixpt
| Device       : xa7a100t-csg324
| Speed File   : -1I  PRODUCTION 1.16 2018-06-13
| Design State : Synthesized
------------------------------------------------------------------------------------------------------------------------------------------------------------------------------

Timing Summary Report

------------------------------------------------------------------------------------------------
| Timer Settings
| --------------
------------------------------------------------------------------------------------------------

  Enable Multi Corner Analysis               :  Yes
  Enable Pessimism Removal                   :  Yes
  Pessimism Removal Resolution               :  Nearest Common Node
  Enable Input Delay Default Clock           :  No
  Enable Preset / Clear Arcs                 :  No
  Disable Flight Delays                      :  No
  Ignore I/O Paths                           :  No
  Timing Early Launch at Borrowing Latches   :  No
  Borrow Time for Max Delay Exceptions       :  Yes
  Merge Timing Exceptions                    :  Yes
  Inter-SLR Compensation                     :  Conservative

  Corner  Analyze    Analyze    
  Name    Max Paths  Min Paths  
  ------  ---------  ---------  
  Slow    Yes        Yes        
  Fast    Yes        Yes        


------------------------------------------------------------------------------------------------
| Report Methodology
| ------------------
------------------------------------------------------------------------------------------------

No report available as report_methodology has not been run prior. Run report_methodology on the current design for the summary of methodology violations.



check_timing report

Table of Contents
-----------------
1. checking no_clock (0)
2. checking constant_clock (0)
3. checking pulse_width_clock (0)
4. checking unconstrained_internal_endpoints (0)
5. checking no_input_delay (0)
6. checking no_output_delay (0)
7. checking multiple_clock (0)
8. checking generated_clocks (0)
9. checking loops (0)
10. checking partial_input_delay (0)
11. checking partial_output_delay (0)
12. checking latch_loops (0)

1. checking no_clock (0)
------------------------
 There are 0 register/latch pins with no clock.


2. checking constant_clock (0)
------------------------------
 There are 0 register/latch pins with constant_clock.


3. checking pulse_width_clock (0)
---------------------------------
 There are 0 register/latch pins which need pulse_width check


4. checking unconstrained_internal_endpoints (0)
------------------------------------------------
 There are 0 pins that are not constrained for maximum delay.

 There are 0 pins that are not constrained for maximum delay due to constant clock.


5. checking no_input_delay (0)
------------------------------
 There are 0 input ports with no input delay specified.

 There are 0 input ports with no input delay but user has a false path constraint.


6. checking no_output_delay (0)
-------------------------------
 There are 0 ports with no output delay specified.

 There are 0 ports with no output delay but user has a false path constraint

 There are 0 ports with no output delay but with a timing clock defined on it or propagating through it


7. checking multiple_clock (0)
------------------------------
 There are 0 register/latch pins with multiple clocks.


8. checking generated_clocks (0)
--------------------------------
 There are 0 generated clocks that are not connected to a clock source.


9. checking loops (0)
---------------------
 There are 0 combinational loops in the design.


10. checking partial_input_delay (0)
------------------------------------
 There are 0 input ports with partial input delay specified.


11. checking partial_output_delay (0)
-------------------------------------
 There are 0 ports with partial output delay specified.


12. checking latch_loops (0)
----------------------------
 There are 0 combinational latch loops in the design through latch input



------------------------------------------------------------------------------------------------
| Design Timing Summary
| ---------------------
------------------------------------------------------------------------------------------------

    WNS(ns)      TNS(ns)  TNS Failing Endpoints  TNS Total Endpoints      WHS(ns)      THS(ns)  THS Failing Endpoints  THS Total Endpoints     WPWS(ns)     TPWS(ns)  TPWS Failing Endpoints  TPWS Total Endpoints  
    -------      -------  ---------------------  -------------------      -------      -------  ---------------------  -------------------     --------     --------  ----------------------  --------------------  
        inf        0.000                      0                  104          inf        0.000                      0                  104           NA           NA                      NA                    NA  


There are no user specified timing constraints.


------------------------------------------------------------------------------------------------
| Clock Summary
| -------------
------------------------------------------------------------------------------------------------


------------------------------------------------------------------------------------------------
| Intra Clock Table
| -----------------
------------------------------------------------------------------------------------------------

Clock             WNS(ns)      TNS(ns)  TNS Failing Endpoints  TNS Total Endpoints      WHS(ns)      THS(ns)  THS Failing Endpoints  THS Total Endpoints     WPWS(ns)     TPWS(ns)  TPWS Failing Endpoints  TPWS Total Endpoints  
-----             -------      -------  ---------------------  -------------------      -------      -------  ---------------------  -------------------     --------     --------  ----------------------  --------------------  


------------------------------------------------------------------------------------------------
| Inter Clock Table
| -----------------
------------------------------------------------------------------------------------------------

From Clock    To Clock          WNS(ns)      TNS(ns)  TNS Failing Endpoints  TNS Total Endpoints      WHS(ns)      THS(ns)  THS Failing Endpoints  THS Total Endpoints  
----------    --------          -------      -------  ---------------------  -------------------      -------      -------  ---------------------  -------------------  


------------------------------------------------------------------------------------------------
| Other Path Groups Table
| -----------------------
------------------------------------------------------------------------------------------------

Path Group    From Clock    To Clock          WNS(ns)      TNS(ns)  TNS Failing Endpoints  TNS Total Endpoints      WHS(ns)      THS(ns)  THS Failing Endpoints  THS Total Endpoints  
----------    ----------    --------          -------      -------  ---------------------  -------------------      -------      -------  ---------------------  -------------------  


------------------------------------------------------------------------------------------------
| User Ignored Path Table
| -----------------------
------------------------------------------------------------------------------------------------

Path Group    From Clock    To Clock    
----------    ----------    --------    


------------------------------------------------------------------------------------------------
| Unconstrained Path Table
| ------------------------
------------------------------------------------------------------------------------------------

Path Group    From Clock    To Clock    
----------    ----------    --------    
(none)                                    


------------------------------------------------------------------------------------------------
| Timing Details
| --------------
------------------------------------------------------------------------------------------------


--------------------------------------------------------------------------------------
Path Group:  (none)
From Clock:  
  To Clock:  

Max Delay           104 Endpoints
Min Delay           104 Endpoints
--------------------------------------------------------------------------------------


Max Delay Paths
--------------------------------------------------------------------------------------
Slack:                    inf
  Source:                 initial_state[0]
                            (input port)
  Destination:            final_state_re[0][10]
                            (output port)
  Path Group:             (none)
  Path Type:              Max at Slow Process Corner
  Data Path Delay:        19.869ns  (logic 15.051ns (75.755%)  route 4.817ns (24.245%))
  Logic Levels:           7  (DSP48E1=4 IBUF=1 LUT2=1 OBUF=1)

    Location             Delay type                Incr(ns)  Path(ns)    Netlist Resource(s)
  -------------------------------------------------------------------    -------------------
                                                      0.000     0.000 r  initial_state[0] (IN)
                         net (fo=0)                   0.000     0.000    initial_state[0]
                         IBUF (Prop_ibuf_I_O)         0.971     0.971 r  initial_state_IBUF[0]_inst/O
                         net (fo=9, unplaced)         0.803     1.774    initial_state_IBUF[0]
                         LUT2 (Prop_lut2_I0_O)        0.124     1.898 r  final_state_re[0]3_i_1/O
                         net (fo=17, unplaced)        0.803     2.701    final_state_re[0]3_i_1_n_0
                         DSP48E1 (Prop_dsp48e1_A[29]_P[26])
                                                      3.841     6.542 r  final_state_re[0]3/P[26]
                         net (fo=44, unplaced)        0.803     7.345    final_state_re[0]3_n_79
                         DSP48E1 (Prop_dsp48e1_C[47]_P[26])
                                                      1.820     9.165 r  final_state_re[0]2/P[26]
                         net (fo=17, unplaced)        0.803     9.968    B[13]
                         DSP48E1 (Prop_dsp48e1_A[29]_P[25])
                                                      3.841    13.809 r  final_state_re[0]1/P[25]
                         net (fo=46, unplaced)        0.803    14.612    final_state_re[0]1_n_80
                         DSP48E1 (Prop_dsp48e1_C[47]_P[22])
                                                      1.820    16.432 r  final_state_re[0]0/P[22]
                         net (fo=1, unplaced)         0.803    17.234    final_state_re[0]_OBUF[10]
                         OBUF (Prop_obuf_I_O)         2.634    19.869 r  final_state_re[0][10]_INST_0/O
                         net (fo=0)                   0.000    19.869    final_state_re[0][10]
                                                                      r  final_state_re[0][10] (OUT)
  -------------------------------------------------------------------    -------------------

Slack:                    inf
  Source:                 initial_state[4]
                            (input port)
  Destination:            final_state_re[0][10]
                            (output port)
  Path Group:             (none)
  Path Type:              Max at Slow Process Corner
  Data Path Delay:        19.869ns  (logic 15.051ns (75.755%)  route 4.817ns (24.245%))
  Logic Levels:           7  (DSP48E1=4 IBUF=1 LUT2=1 OBUF=1)

    Location             Delay type                Incr(ns)  Path(ns)    Netlist Resource(s)
  -------------------------------------------------------------------    -------------------
                                                      0.000     0.000 r  initial_state[4] (IN)
                         net (fo=0)                   0.000     0.000    initial_state[4]
                         IBUF (Prop_ibuf_I_O)         0.971     0.971 r  initial_state_IBUF[4]_inst/O
                         net (fo=28, unplaced)        0.803     1.774    initial_state_IBUF[4]
                         LUT2 (Prop_lut2_I1_O)        0.124     1.898 r  final_state_re[0]3_i_1/O
                         net (fo=17, unplaced)        0.803     2.701    final_state_re[0]3_i_1_n_0
                         DSP48E1 (Prop_dsp48e1_A[29]_P[26])
                                                      3.841     6.542 r  final_state_re[0]3/P[26]
                         net (fo=44, unplaced)        0.803     7.345    final_state_re[0]3_n_79
                         DSP48E1 (Prop_dsp48e1_C[47]_P[26])
                                                      1.820     9.165 r  final_state_re[0]2/P[26]
                         net (fo=17, unplaced)        0.803     9.968    B[13]
                         DSP48E1 (Prop_dsp48e1_A[29]_P[25])
                                                      3.841    13.809 r  final_state_re[0]1/P[25]
                         net (fo=46, unplaced)        0.803    14.612    final_state_re[0]1_n_80
                         DSP48E1 (Prop_dsp48e1_C[47]_P[22])
                                                      1.820    16.432 r  final_state_re[0]0/P[22]
                         net (fo=1, unplaced)         0.803    17.234    final_state_re[0]_OBUF[10]
                         OBUF (Prop_obuf_I_O)         2.634    19.869 r  final_state_re[0][10]_INST_0/O
                         net (fo=0)                   0.000    19.869    final_state_re[0][10]
                                                                      r  final_state_re[0][10] (OUT)
  -------------------------------------------------------------------    -------------------

Slack:                    inf
  Source:                 initial_state[4]
                            (input port)
  Destination:            final_state_re[0][10]
                            (output port)
  Path Group:             (none)
  Path Type:              Max at Slow Process Corner
  Data Path Delay:        19.869ns  (logic 15.051ns (75.755%)  route 4.817ns (24.245%))
  Logic Levels:           7  (DSP48E1=4 IBUF=1 LUT2=1 OBUF=1)

    Location             Delay type                Incr(ns)  Path(ns)    Netlist Resource(s)
  -------------------------------------------------------------------    -------------------
                                                      0.000     0.000 f  initial_state[4] (IN)
                         net (fo=0)                   0.000     0.000    initial_state[4]
                         IBUF (Prop_ibuf_I_O)         0.971     0.971 f  initial_state_IBUF[4]_inst/O
                         net (fo=28, unplaced)        0.803     1.774    initial_state_IBUF[4]
                         LUT2 (Prop_lut2_I1_O)        0.124     1.898 f  final_state_re[0]3_i_1/O
                         net (fo=17, unplaced)        0.803     2.701    final_state_re[0]3_i_1_n_0
                         DSP48E1 (Prop_dsp48e1_A[29]_P[26])
                                                      3.841     6.542 r  final_state_re[0]3/P[26]
                         net (fo=44, unplaced)        0.803     7.345    final_state_re[0]3_n_79
                         DSP48E1 (Prop_dsp48e1_C[47]_P[26])
                                                      1.820     9.165 r  final_state_re[0]2/P[26]
                         net (fo=17, unplaced)        0.803     9.968    B[13]
                         DSP48E1 (Prop_dsp48e1_A[29]_P[25])
                                                      3.841    13.809 r  final_state_re[0]1/P[25]
                         net (fo=46, unplaced)        0.803    14.612    final_state_re[0]1_n_80
                         DSP48E1 (Prop_dsp48e1_C[47]_P[22])
                                                      1.820    16.432 r  final_state_re[0]0/P[22]
                         net (fo=1, unplaced)         0.803    17.234    final_state_re[0]_OBUF[10]
                         OBUF (Prop_obuf_I_O)         2.634    19.869 r  final_state_re[0][10]_INST_0/O
                         net (fo=0)                   0.000    19.869    final_state_re[0][10]
                                                                      r  final_state_re[0][10] (OUT)
  -------------------------------------------------------------------    -------------------





Min Delay Paths
--------------------------------------------------------------------------------------
Slack:                    inf
  Source:                 initial_state[7]
                            (input port)
  Destination:            final_state_re[4][10]
                            (output port)
  Path Group:             (none)
  Path Type:              Min at Fast Process Corner
  Data Path Delay:        3.584ns  (logic 2.569ns (71.675%)  route 1.015ns (28.325%))
  Logic Levels:           4  (DSP48E1=2 IBUF=1 OBUF=1)

    Location             Delay type                Incr(ns)  Path(ns)    Netlist Resource(s)
  -------------------------------------------------------------------    -------------------
                                                      0.000     0.000 r  initial_state[7] (IN)
                         net (fo=0)                   0.000     0.000    initial_state[7]
                         IBUF (Prop_ibuf_I_O)         0.200     0.200 r  initial_state_IBUF[7]_inst/O
                         net (fo=52, unplaced)        0.338     0.539    initial_state_IBUF[7]
                         DSP48E1 (Prop_dsp48e1_A[29]_P[26])
                                                      0.609     1.148 r  final_state_re[4]2__0/P[26]
                         net (fo=34, unplaced)        0.338     1.486    final_state_re[4]2__0_n_79
                         DSP48E1 (Prop_dsp48e1_A[29]_P[22])
                                                      0.609     2.095 r  final_state_re[4]0/P[22]
                         net (fo=1, unplaced)         0.338     2.433    final_state_re[4]_OBUF[10]
                         OBUF (Prop_obuf_I_O)         1.151     3.584 r  final_state_re[4][10]_INST_0/O
                         net (fo=0)                   0.000     3.584    final_state_re[4][10]
                                                                      r  final_state_re[4][10] (OUT)
  -------------------------------------------------------------------    -------------------

Slack:                    inf
  Source:                 initial_state[7]
                            (input port)
  Destination:            final_state_re[4][10]
                            (output port)
  Path Group:             (none)
  Path Type:              Min at Fast Process Corner
  Data Path Delay:        3.584ns  (logic 2.569ns (71.675%)  route 1.015ns (28.325%))
  Logic Levels:           4  (DSP48E1=2 IBUF=1 OBUF=1)

    Location             Delay type                Incr(ns)  Path(ns)    Netlist Resource(s)
  -------------------------------------------------------------------    -------------------
                                                      0.000     0.000 r  initial_state[7] (IN)
                         net (fo=0)                   0.000     0.000    initial_state[7]
                         IBUF (Prop_ibuf_I_O)         0.200     0.200 r  initial_state_IBUF[7]_inst/O
                         net (fo=52, unplaced)        0.338     0.539    initial_state_IBUF[7]
                         DSP48E1 (Prop_dsp48e1_A[29]_P[26])
                                                      0.609     1.148 f  final_state_re[4]2__0/P[26]
                         net (fo=34, unplaced)        0.338     1.486    final_state_re[4]2__0_n_79
                         DSP48E1 (Prop_dsp48e1_A[29]_P[22])
                                                      0.609     2.095 r  final_state_re[4]0/P[22]
                         net (fo=1, unplaced)         0.338     2.433    final_state_re[4]_OBUF[10]
                         OBUF (Prop_obuf_I_O)         1.151     3.584 r  final_state_re[4][10]_INST_0/O
                         net (fo=0)                   0.000     3.584    final_state_re[4][10]
                                                                      r  final_state_re[4][10] (OUT)
  -------------------------------------------------------------------    -------------------

Slack:                    inf
  Source:                 initial_state[7]
                            (input port)
  Destination:            final_state_re[4][10]
                            (output port)
  Path Group:             (none)
  Path Type:              Min at Fast Process Corner
  Data Path Delay:        3.584ns  (logic 2.569ns (71.675%)  route 1.015ns (28.325%))
  Logic Levels:           4  (DSP48E1=2 IBUF=1 OBUF=1)

    Location             Delay type                Incr(ns)  Path(ns)    Netlist Resource(s)
  -------------------------------------------------------------------    -------------------
                                                      0.000     0.000 r  initial_state[7] (IN)
                         net (fo=0)                   0.000     0.000    initial_state[7]
                         IBUF (Prop_ibuf_I_O)         0.200     0.200 r  initial_state_IBUF[7]_inst/O
                         net (fo=52, unplaced)        0.338     0.539    initial_state_IBUF[7]
                         DSP48E1 (Prop_dsp48e1_A[29]_P[26])
                                                      0.609     1.148 r  final_state_re[4]2__0/P[26]
                         net (fo=34, unplaced)        0.338     1.486    final_state_re[4]2__0_n_79
                         DSP48E1 (Prop_dsp48e1_A[28]_P[22])
                                                      0.609     2.095 r  final_state_re[4]0/P[22]
                         net (fo=1, unplaced)         0.338     2.433    final_state_re[4]_OBUF[10]
                         OBUF (Prop_obuf_I_O)         1.151     3.584 r  final_state_re[4][10]_INST_0/O
                         net (fo=0)                   0.000     3.584    final_state_re[4][10]
                                                                      r  final_state_re[4][10] (OUT)
  -------------------------------------------------------------------    -------------------





