#-----------------------------------------------------------
# Vivado v2024.1 (64-bit)
# SW Build 5076996 on Wed May 22 18:36:09 MDT 2024
# IP Build 5075265 on Wed May 22 21:45:21 MDT 2024
# SharedData Build 5076995 on Wed May 22 18:29:18 MDT 2024
# Start of session at: Sat Oct 26 14:31:57 2024
# Process ID: 1198048
# Current directory: /home/bonga/Desktop/EEE4022S/EEE4022S_Github/qaes/quantum_search/codegen/quantum_search/hdlsrc/vivado_prj
# Command line: vivado -mode batch -notrace -source quantum_search_fixpt_Xilinx_Vivado_run.tcl
# Log file: /home/bonga/Desktop/EEE4022S/EEE4022S_Github/qaes/quantum_search/codegen/quantum_search/hdlsrc/vivado_prj/vivado.log
# Journal file: /home/bonga/Desktop/EEE4022S/EEE4022S_Github/qaes/quantum_search/codegen/quantum_search/hdlsrc/vivado_prj/vivado.jou
# Running On        :bonga
# Platform          :Ubuntu
# Operating System  :Ubuntu 22.04.5 LTS
# Processor Detail  :11th Gen Intel(R) Core(TM) i7-1165G7 @ 2.80GHz
# CPU Frequency     :2943.216 MHz
# CPU Physical cores:4
# CPU Logical cores :8
# Host memory       :16480 MB
# Swap memory       :2147 MB
# Total Virtual     :18628 MB
# Available Virtual :6174 MB
#-----------------------------------------------------------
source quantum_search_fixpt_Xilinx_Vivado_run.tcl -notrace
### Open existing Xilinx Vivado 2024.1 project <a href="matlab:downstream.handle('Model','quantum_search_fixpt','isMLHDLC','1').openTargetTool;">/home/bonga/Desktop/EEE4022S/EEE4022S_Github/qaes/quantum_search/codegen/quantum_search/hdlsrc/vivado_prj/quantum_search_fixpt_vivado.xpr</a>
INFO: [filemgmt 56-3] Default IP Output Path : Could not find the directory '/home/bonga/Desktop/EEE4022S/EEE4022S_Github/qaes/quantum_search/codegen/quantum_search/hdlsrc/vivado_prj/quantum_search_fixpt_vivado.gen/sources_1'.
Scanning sources...
Finished scanning sources
open_project: Time (s): cpu = 00:00:10 ; elapsed = 00:00:10 . Memory (MB): peak = 1422.168 ; gain = 0.023 ; free physical = 599 ; free virtual = 5505
### Set Xilinx Vivado 2024.1 project properties
### Update Xilinx Vivado 2024.1 project with HDL source files
WARNING: [Vivado 12-818] No files matched '*.tcl'
### Close Xilinx Vivado 2024.1 project.
INFO: [Common 17-206] Exiting Vivado at Sat Oct 26 14:32:12 2024...
