#-----------------------------------------------------------
# Vivado v2024.1 (64-bit)
# SW Build 5076996 on Wed May 22 18:36:09 MDT 2024
# IP Build 5075265 on Wed May 22 21:45:21 MDT 2024
# SharedData Build 5076995 on Wed May 22 18:29:18 MDT 2024
# Start of session at: Sat Oct 26 14:33:43 2024
# Process ID: 1198943
# Current directory: /home/bonga/Desktop/EEE4022S/EEE4022S_Github/qaes/quantum_search/codegen/quantum_search/hdlsrc/vivado_prj
# Command line: vivado -mode batch -notrace -source quantum_search_fixpt_Xilinx_Vivado_run.tcl
# Log file: /home/bonga/Desktop/EEE4022S/EEE4022S_Github/qaes/quantum_search/codegen/quantum_search/hdlsrc/vivado_prj/vivado.log
# Journal file: /home/bonga/Desktop/EEE4022S/EEE4022S_Github/qaes/quantum_search/codegen/quantum_search/hdlsrc/vivado_prj/vivado.jou
# Running On        :bonga
# Platform          :Ubuntu
# Operating System  :Ubuntu 22.04.5 LTS
# Processor Detail  :11th Gen Intel(R) Core(TM) i7-1165G7 @ 2.80GHz
# CPU Frequency     :921.927 MHz
# CPU Physical cores:4
# CPU Logical cores :8
# Host memory       :16480 MB
# Swap memory       :2147 MB
# Total Virtual     :18628 MB
# Available Virtual :5894 MB
#-----------------------------------------------------------
source quantum_search_fixpt_Xilinx_Vivado_run.tcl -notrace
### Open existing Xilinx Vivado 2024.1 project /home/bonga/Desktop/EEE4022S/EEE4022S_Github/qaes/quantum_search/codegen/quantum_search/hdlsrc/vivado_prj/quantum_search_fixpt_vivado.xpr
INFO: [filemgmt 56-3] Default IP Output Path : Could not find the directory '/home/bonga/Desktop/EEE4022S/EEE4022S_Github/qaes/quantum_search/codegen/quantum_search/hdlsrc/vivado_prj/quantum_search_fixpt_vivado.gen/sources_1'.
Scanning sources...
Finished scanning sources
open_project: Time (s): cpu = 00:00:10 ; elapsed = 00:00:10 . Memory (MB): peak = 1418.934 ; gain = 0.023 ; free physical = 1459 ; free virtual = 5421
### Running Implementation in Xilinx Vivado 2024.1 ...
[Sat Oct 26 14:33:59 2024] Launched impl_1...
Run output will be captured here: /home/bonga/Desktop/EEE4022S/EEE4022S_Github/qaes/quantum_search/codegen/quantum_search/hdlsrc/vivado_prj/quantum_search_fixpt_vivado.runs/impl_1/runme.log
[Sat Oct 26 14:34:00 2024] Waiting for impl_1 to finish...

*** Running vivado
    with args -log quantum_search_fixpt.vdi -applog -m64 -product Vivado -messageDb vivado.pb -mode batch -source quantum_search_fixpt.tcl -notrace


****** Vivado v2024.1 (64-bit)
  **** SW Build 5076996 on Wed May 22 18:36:09 MDT 2024
  **** IP Build 5075265 on Wed May 22 21:45:21 MDT 2024
  **** SharedData Build 5076995 on Wed May 22 18:29:18 MDT 2024
  **** Start of session at: Sat Oct 26 14:34:04 2024
    ** Copyright 1986-2022 Xilinx, Inc. All Rights Reserved.
    ** Copyright 2022-2024 Advanced Micro Devices, Inc. All Rights Reserved.

source quantum_search_fixpt.tcl -notrace
create_project: Time (s): cpu = 00:00:10 ; elapsed = 00:00:10 . Memory (MB): peak = 1398.930 ; gain = 42.836 ; free physical = 957 ; free virtual = 4962
Command: link_design -top quantum_search_fixpt -part xa7a100tcsg324-1I
Design is defaulting to srcset: sources_1
Design is defaulting to constrset: constrs_1
INFO: [Device 21-403] Loading part xa7a100tcsg324-1I
INFO: [Device 21-9227] Part: xa7a100tcsg324-1I does not have CEAM library.
Netlist sorting complete. Time (s): cpu = 00:00:00 ; elapsed = 00:00:00 . Memory (MB): peak = 1757.781 ; gain = 0.000 ; free physical = 639 ; free virtual = 4636
INFO: [Project 1-479] Netlist was created with Vivado 2024.1
INFO: [Project 1-570] Preparing netlist for logic optimization
Read ShapeDB Complete: Time (s): cpu = 00:00:00 ; elapsed = 00:00:00.01 . Memory (MB): peak = 1819.594 ; gain = 0.000 ; free physical = 595 ; free virtual = 4578
Netlist sorting complete. Time (s): cpu = 00:00:00 ; elapsed = 00:00:00 . Memory (MB): peak = 1820.594 ; gain = 0.000 ; free physical = 593 ; free virtual = 4577
INFO: [Project 1-111] Unisim Transformation Summary:
No Unisim elements were transformed.

5 Infos, 0 Warnings, 0 Critical Warnings and 0 Errors encountered.
link_design completed successfully
Command: opt_design
Attempting to get a license for feature 'Implementation' and/or device 'xa7a100t'
INFO: [Common 17-349] Got license for feature 'Implementation' and/or device 'xa7a100t'
Running DRC as a precondition to command opt_design

Starting DRC Task
INFO: [DRC 23-27] Running DRC with 8 threads
INFO: [Project 1-461] DRC finished with 0 Errors
INFO: [Project 1-462] Please refer to the DRC report (report_drc) for more information.

Time (s): cpu = 00:00:00.53 ; elapsed = 00:00:00.46 . Memory (MB): peak = 1929.281 ; gain = 80.875 ; free physical = 562 ; free virtual = 4548

Starting Cache Timing Information Task
INFO: [Timing 38-35] Done setting XDC timing constraints.
Ending Cache Timing Information Task | Checksum: 140281d4f

Time (s): cpu = 00:00:06 ; elapsed = 00:00:07 . Memory (MB): peak = 2316.055 ; gain = 386.773 ; free physical = 291 ; free virtual = 4277

Starting Logic Optimization Task

Phase 1 Initialization

Phase 1.1 Core Generation And Design Setup
Phase 1.1 Core Generation And Design Setup | Checksum: 140281d4f

Time (s): cpu = 00:00:00 ; elapsed = 00:00:00 . Memory (MB): peak = 2627.891 ; gain = 0.000 ; free physical = 301 ; free virtual = 3979

Phase 1.2 Setup Constraints And Sort Netlist
Phase 1.2 Setup Constraints And Sort Netlist | Checksum: 140281d4f

Time (s): cpu = 00:00:00.01 ; elapsed = 00:00:00 . Memory (MB): peak = 2627.891 ; gain = 0.000 ; free physical = 301 ; free virtual = 3979
Phase 1 Initialization | Checksum: 140281d4f

Time (s): cpu = 00:00:00.01 ; elapsed = 00:00:00 . Memory (MB): peak = 2627.891 ; gain = 0.000 ; free physical = 301 ; free virtual = 3979

Phase 2 Timer Update And Timing Data Collection

Phase 2.1 Timer Update
Phase 2.1 Timer Update | Checksum: 140281d4f

Time (s): cpu = 00:00:00.01 ; elapsed = 00:00:00.01 . Memory (MB): peak = 2627.891 ; gain = 0.000 ; free physical = 301 ; free virtual = 3979

Phase 2.2 Timing Data Collection
Phase 2.2 Timing Data Collection | Checksum: 140281d4f

Time (s): cpu = 00:00:00.02 ; elapsed = 00:00:00.01 . Memory (MB): peak = 2627.891 ; gain = 0.000 ; free physical = 301 ; free virtual = 3979
Phase 2 Timer Update And Timing Data Collection | Checksum: 140281d4f

Time (s): cpu = 00:00:00.02 ; elapsed = 00:00:00.01 . Memory (MB): peak = 2627.891 ; gain = 0.000 ; free physical = 301 ; free virtual = 3979

Phase 3 Retarget
INFO: [Opt 31-1834] Total Chains To Be Transformed Were: 0 AND Number of Transformed insts Created are: 0
INFO: [Opt 31-138] Pushed 0 inverter(s) to 0 load pin(s).
INFO: [Opt 31-49] Retargeted 0 cell(s).
Phase 3 Retarget | Checksum: 140281d4f

Time (s): cpu = 00:00:00.06 ; elapsed = 00:00:00.06 . Memory (MB): peak = 2627.891 ; gain = 0.000 ; free physical = 301 ; free virtual = 3979
Retarget | Checksum: 140281d4f
INFO: [Opt 31-389] Phase Retarget created 0 cells and removed 0 cells

Phase 4 Constant propagation
INFO: [Opt 31-138] Pushed 0 inverter(s) to 0 load pin(s).
Phase 4 Constant propagation | Checksum: 140281d4f

Time (s): cpu = 00:00:00.06 ; elapsed = 00:00:00.06 . Memory (MB): peak = 2627.891 ; gain = 0.000 ; free physical = 301 ; free virtual = 3979
Constant propagation | Checksum: 140281d4f
INFO: [Opt 31-389] Phase Constant propagation created 0 cells and removed 0 cells

Phase 5 Sweep
Phase 5 Sweep | Checksum: 140281d4f

Time (s): cpu = 00:00:00.06 ; elapsed = 00:00:00.06 . Memory (MB): peak = 2627.891 ; gain = 0.000 ; free physical = 301 ; free virtual = 3979
Sweep | Checksum: 140281d4f
INFO: [Opt 31-389] Phase Sweep created 0 cells and removed 0 cells

Phase 6 BUFG optimization
Phase 6 BUFG optimization | Checksum: 140281d4f

Time (s): cpu = 00:00:00.06 ; elapsed = 00:00:00.07 . Memory (MB): peak = 2659.906 ; gain = 32.016 ; free physical = 301 ; free virtual = 3979
BUFG optimization | Checksum: 140281d4f
INFO: [Opt 31-662] Phase BUFG optimization created 0 cells of which 0 are BUFGs and removed 0 cells.

Phase 7 Shift Register Optimization
INFO: [Opt 31-1064] SRL Remap converted 0 SRLs to 0 registers and converted 0 registers of register chains to 0 SRLs
Phase 7 Shift Register Optimization | Checksum: 140281d4f

Time (s): cpu = 00:00:00.06 ; elapsed = 00:00:00.07 . Memory (MB): peak = 2659.906 ; gain = 32.016 ; free physical = 301 ; free virtual = 3979
Shift Register Optimization | Checksum: 140281d4f
INFO: [Opt 31-389] Phase Shift Register Optimization created 0 cells and removed 0 cells

Phase 8 Post Processing Netlist
Phase 8 Post Processing Netlist | Checksum: 140281d4f

Time (s): cpu = 00:00:00.06 ; elapsed = 00:00:00.07 . Memory (MB): peak = 2659.906 ; gain = 32.016 ; free physical = 301 ; free virtual = 3979
Post Processing Netlist | Checksum: 140281d4f
INFO: [Opt 31-389] Phase Post Processing Netlist created 0 cells and removed 0 cells

Phase 9 Finalization

Phase 9.1 Finalizing Design Cores and Updating Shapes
Phase 9.1 Finalizing Design Cores and Updating Shapes | Checksum: 140281d4f

Time (s): cpu = 00:00:00.06 ; elapsed = 00:00:00.07 . Memory (MB): peak = 2659.906 ; gain = 32.016 ; free physical = 301 ; free virtual = 3979

Phase 9.2 Verifying Netlist Connectivity

Starting Connectivity Check Task

Time (s): cpu = 00:00:00 ; elapsed = 00:00:00 . Memory (MB): peak = 2659.906 ; gain = 0.000 ; free physical = 301 ; free virtual = 3979
Phase 9.2 Verifying Netlist Connectivity | Checksum: 140281d4f

Time (s): cpu = 00:00:00.06 ; elapsed = 00:00:00.07 . Memory (MB): peak = 2659.906 ; gain = 32.016 ; free physical = 301 ; free virtual = 3979
Phase 9 Finalization | Checksum: 140281d4f

Time (s): cpu = 00:00:00.06 ; elapsed = 00:00:00.07 . Memory (MB): peak = 2659.906 ; gain = 32.016 ; free physical = 301 ; free virtual = 3979
Opt_design Change Summary
=========================


-------------------------------------------------------------------------------------------------------------------------
|  Phase                        |  #Cells created  |  #Cells Removed  |  #Constrained objects preventing optimizations  |
-------------------------------------------------------------------------------------------------------------------------
|  Retarget                     |               0  |               0  |                                              0  |
|  Constant propagation         |               0  |               0  |                                              0  |
|  Sweep                        |               0  |               0  |                                              0  |
|  BUFG optimization            |               0  |               0  |                                              0  |
|  Shift Register Optimization  |               0  |               0  |                                              0  |
|  Post Processing Netlist      |               0  |               0  |                                              0  |
-------------------------------------------------------------------------------------------------------------------------


Ending Logic Optimization Task | Checksum: 140281d4f

Time (s): cpu = 00:00:00.06 ; elapsed = 00:00:00.07 . Memory (MB): peak = 2659.906 ; gain = 32.016 ; free physical = 301 ; free virtual = 3979

Starting Power Optimization Task
INFO: [Pwropt 34-132] Skipping clock gating for clocks with a period < 2.00 ns.
Ending Power Optimization Task | Checksum: 140281d4f

Time (s): cpu = 00:00:00.01 ; elapsed = 00:00:00.01 . Memory (MB): peak = 2659.906 ; gain = 0.000 ; free physical = 302 ; free virtual = 3980

Starting Final Cleanup Task
Ending Final Cleanup Task | Checksum: 140281d4f

Time (s): cpu = 00:00:00 ; elapsed = 00:00:00 . Memory (MB): peak = 2659.906 ; gain = 0.000 ; free physical = 302 ; free virtual = 3980

Starting Netlist Obfuscation Task
Netlist sorting complete. Time (s): cpu = 00:00:00 ; elapsed = 00:00:00 . Memory (MB): peak = 2659.906 ; gain = 0.000 ; free physical = 302 ; free virtual = 3980
Ending Netlist Obfuscation Task | Checksum: 140281d4f

Time (s): cpu = 00:00:00 ; elapsed = 00:00:00 . Memory (MB): peak = 2659.906 ; gain = 0.000 ; free physical = 302 ; free virtual = 3980
INFO: [Common 17-83] Releasing license: Implementation
23 Infos, 0 Warnings, 0 Critical Warnings and 0 Errors encountered.
opt_design completed successfully
opt_design: Time (s): cpu = 00:00:10 ; elapsed = 00:00:10 . Memory (MB): peak = 2659.906 ; gain = 811.500 ; free physical = 302 ; free virtual = 3980
INFO: [Vivado 12-24828] Executing command : report_drc -file quantum_search_fixpt_drc_opted.rpt -pb quantum_search_fixpt_drc_opted.pb -rpx quantum_search_fixpt_drc_opted.rpx
Command: report_drc -file quantum_search_fixpt_drc_opted.rpt -pb quantum_search_fixpt_drc_opted.pb -rpx quantum_search_fixpt_drc_opted.rpx
INFO: [IP_Flow 19-234] Refreshing IP repositories
INFO: [IP_Flow 19-1704] No user IP repositories specified
INFO: [IP_Flow 19-2313] Loaded Vivado IP repository '/tools/Xilinx/Vivado/2024.1/data/ip'.
INFO: [DRC 23-27] Running DRC with 8 threads
INFO: [Vivado_Tcl 2-168] The results of DRC are in file /home/bonga/Desktop/EEE4022S/EEE4022S_Github/qaes/quantum_search/codegen/quantum_search/hdlsrc/vivado_prj/quantum_search_fixpt_vivado.runs/impl_1/quantum_search_fixpt_drc_opted.rpt.
report_drc completed successfully
Write ShapeDB Complete: Time (s): cpu = 00:00:00.01 ; elapsed = 00:00:00 . Memory (MB): peak = 2699.926 ; gain = 0.000 ; free physical = 339 ; free virtual = 3984
INFO: [Common 17-1381] The checkpoint '/home/bonga/Desktop/EEE4022S/EEE4022S_Github/qaes/quantum_search/codegen/quantum_search/hdlsrc/vivado_prj/quantum_search_fixpt_vivado.runs/impl_1/quantum_search_fixpt_opt.dcp' has been generated.
Command: place_design
Attempting to get a license for feature 'Implementation' and/or device 'xa7a100t'
INFO: [Common 17-349] Got license for feature 'Implementation' and/or device 'xa7a100t'
INFO: [Common 17-83] Releasing license: Implementation
INFO: [DRC 23-27] Running DRC with 8 threads
INFO: [Vivado_Tcl 4-198] DRC finished with 0 Errors
INFO: [Vivado_Tcl 4-199] Please refer to the DRC report (report_drc) for more information.
Running DRC as a precondition to command place_design
INFO: [DRC 23-27] Running DRC with 8 threads
INFO: [Vivado_Tcl 4-198] DRC finished with 0 Errors
INFO: [Vivado_Tcl 4-199] Please refer to the DRC report (report_drc) for more information.
INFO: [Place 30-611] Multithreading enabled for place_design using a maximum of 8 CPUs

Starting Placer Task

Phase 1 Placer Initialization

Phase 1.1 Placer Initialization Netlist Sorting
Netlist sorting complete. Time (s): cpu = 00:00:00 ; elapsed = 00:00:00 . Memory (MB): peak = 2747.949 ; gain = 0.000 ; free physical = 315 ; free virtual = 3962
Phase 1.1 Placer Initialization Netlist Sorting | Checksum: c07878c3

Time (s): cpu = 00:00:00 ; elapsed = 00:00:00 . Memory (MB): peak = 2747.949 ; gain = 0.000 ; free physical = 315 ; free virtual = 3962
Netlist sorting complete. Time (s): cpu = 00:00:00 ; elapsed = 00:00:00 . Memory (MB): peak = 2747.949 ; gain = 0.000 ; free physical = 315 ; free virtual = 3962

Phase 1.2 IO Placement/ Clock Placement/ Build Placer Device
INFO: [Timing 38-35] Done setting XDC timing constraints.
Phase 1.2 IO Placement/ Clock Placement/ Build Placer Device | Checksum: f108f574

Time (s): cpu = 00:00:00.76 ; elapsed = 00:00:00.29 . Memory (MB): peak = 2747.949 ; gain = 0.000 ; free physical = 310 ; free virtual = 3963

Phase 1.3 Build Placer Netlist Model
Phase 1.3 Build Placer Netlist Model | Checksum: 139d1bbdf

Time (s): cpu = 00:00:01 ; elapsed = 00:00:00.35 . Memory (MB): peak = 2747.949 ; gain = 0.000 ; free physical = 310 ; free virtual = 3963

Phase 1.4 Constrain Clocks/Macros
Phase 1.4 Constrain Clocks/Macros | Checksum: 139d1bbdf

Time (s): cpu = 00:00:01 ; elapsed = 00:00:00.36 . Memory (MB): peak = 2747.949 ; gain = 0.000 ; free physical = 310 ; free virtual = 3963
Phase 1 Placer Initialization | Checksum: 139d1bbdf

Time (s): cpu = 00:00:01 ; elapsed = 00:00:00.36 . Memory (MB): peak = 2747.949 ; gain = 0.000 ; free physical = 309 ; free virtual = 3963

Phase 2 Global Placement

Phase 2.1 Floorplanning
Phase 2.1 Floorplanning | Checksum: 139d1bbdf

Time (s): cpu = 00:00:01 ; elapsed = 00:00:00.37 . Memory (MB): peak = 2747.949 ; gain = 0.000 ; free physical = 308 ; free virtual = 3962

Phase 2.2 Update Timing before SLR Path Opt
Phase 2.2 Update Timing before SLR Path Opt | Checksum: 139d1bbdf

Time (s): cpu = 00:00:01 ; elapsed = 00:00:00.37 . Memory (MB): peak = 2747.949 ; gain = 0.000 ; free physical = 308 ; free virtual = 3962

Phase 2.3 Post-Processing in Floorplanning
Phase 2.3 Post-Processing in Floorplanning | Checksum: 139d1bbdf

Time (s): cpu = 00:00:01 ; elapsed = 00:00:00.37 . Memory (MB): peak = 2747.949 ; gain = 0.000 ; free physical = 308 ; free virtual = 3962

Phase 2.4 Global Placement Core
WARNING: [Place 46-29] Timing had been disabled during Placer and, therefore, physical synthesis in Placer will be skipped.
Phase 2.4 Global Placement Core | Checksum: 1664e361b

Time (s): cpu = 00:00:03 ; elapsed = 00:00:00.69 . Memory (MB): peak = 2747.949 ; gain = 0.000 ; free physical = 317 ; free virtual = 3964
Phase 2 Global Placement | Checksum: 1664e361b

Time (s): cpu = 00:00:03 ; elapsed = 00:00:00.69 . Memory (MB): peak = 2747.949 ; gain = 0.000 ; free physical = 317 ; free virtual = 3964

Phase 3 Detail Placement

Phase 3.1 Commit Multi Column Macros
Phase 3.1 Commit Multi Column Macros | Checksum: 1664e361b

Time (s): cpu = 00:00:03 ; elapsed = 00:00:00.7 . Memory (MB): peak = 2747.949 ; gain = 0.000 ; free physical = 317 ; free virtual = 3964

Phase 3.2 Commit Most Macros & LUTRAMs
Phase 3.2 Commit Most Macros & LUTRAMs | Checksum: 10cc8bea3

Time (s): cpu = 00:00:03 ; elapsed = 00:00:00.71 . Memory (MB): peak = 2747.949 ; gain = 0.000 ; free physical = 317 ; free virtual = 3964

Phase 3.3 Area Swap Optimization
Phase 3.3 Area Swap Optimization | Checksum: 1ce73761e

Time (s): cpu = 00:00:03 ; elapsed = 00:00:00.71 . Memory (MB): peak = 2747.949 ; gain = 0.000 ; free physical = 317 ; free virtual = 3964

Phase 3.4 Pipeline Register Optimization
Phase 3.4 Pipeline Register Optimization | Checksum: 1ce73761e

Time (s): cpu = 00:00:03 ; elapsed = 00:00:00.71 . Memory (MB): peak = 2747.949 ; gain = 0.000 ; free physical = 317 ; free virtual = 3964

Phase 3.5 Small Shape Detail Placement
Phase 3.5 Small Shape Detail Placement | Checksum: 177ef9f4d

Time (s): cpu = 00:00:04 ; elapsed = 00:00:00.89 . Memory (MB): peak = 2747.949 ; gain = 0.000 ; free physical = 312 ; free virtual = 3959

Phase 3.6 Re-assign LUT pins
Phase 3.6 Re-assign LUT pins | Checksum: 177ef9f4d

Time (s): cpu = 00:00:04 ; elapsed = 00:00:00.89 . Memory (MB): peak = 2747.949 ; gain = 0.000 ; free physical = 312 ; free virtual = 3959

Phase 3.7 Pipeline Register Optimization
Phase 3.7 Pipeline Register Optimization | Checksum: 177ef9f4d

Time (s): cpu = 00:00:04 ; elapsed = 00:00:00.9 . Memory (MB): peak = 2747.949 ; gain = 0.000 ; free physical = 312 ; free virtual = 3959
Phase 3 Detail Placement | Checksum: 177ef9f4d

Time (s): cpu = 00:00:04 ; elapsed = 00:00:00.9 . Memory (MB): peak = 2747.949 ; gain = 0.000 ; free physical = 312 ; free virtual = 3959

Phase 4 Post Placement Optimization and Clean-Up

Phase 4.1 Post Commit Optimization
Phase 4.1 Post Commit Optimization | Checksum: 177ef9f4d

Time (s): cpu = 00:00:04 ; elapsed = 00:00:00.95 . Memory (MB): peak = 2747.949 ; gain = 0.000 ; free physical = 312 ; free virtual = 3959

Phase 4.2 Post Placement Cleanup
Phase 4.2 Post Placement Cleanup | Checksum: 177ef9f4d

Time (s): cpu = 00:00:04 ; elapsed = 00:00:00.95 . Memory (MB): peak = 2747.949 ; gain = 0.000 ; free physical = 312 ; free virtual = 3959

Phase 4.3 Placer Reporting

Phase 4.3.1 Print Estimated Congestion
INFO: [Place 30-612] Post-Placement Estimated Congestion 
 ____________________________________________________
|           | Global Congestion | Short Congestion  |
| Direction | Region Size       | Region Size       |
|___________|___________________|___________________|
|      North|                1x1|                1x1|
|___________|___________________|___________________|
|      South|                1x1|                1x1|
|___________|___________________|___________________|
|       East|                1x1|                1x1|
|___________|___________________|___________________|
|       West|                1x1|                1x1|
|___________|___________________|___________________|

Phase 4.3.1 Print Estimated Congestion | Checksum: 177ef9f4d

Time (s): cpu = 00:00:04 ; elapsed = 00:00:00.96 . Memory (MB): peak = 2747.949 ; gain = 0.000 ; free physical = 312 ; free virtual = 3959
Phase 4.3 Placer Reporting | Checksum: 177ef9f4d

Time (s): cpu = 00:00:04 ; elapsed = 00:00:00.96 . Memory (MB): peak = 2747.949 ; gain = 0.000 ; free physical = 312 ; free virtual = 3959

Phase 4.4 Final Placement Cleanup
Netlist sorting complete. Time (s): cpu = 00:00:00 ; elapsed = 00:00:00 . Memory (MB): peak = 2747.949 ; gain = 0.000 ; free physical = 312 ; free virtual = 3959

Time (s): cpu = 00:00:04 ; elapsed = 00:00:00.96 . Memory (MB): peak = 2747.949 ; gain = 0.000 ; free physical = 312 ; free virtual = 3959
Phase 4 Post Placement Optimization and Clean-Up | Checksum: 177ef9f4d

Time (s): cpu = 00:00:04 ; elapsed = 00:00:00.96 . Memory (MB): peak = 2747.949 ; gain = 0.000 ; free physical = 312 ; free virtual = 3959
Ending Placer Task | Checksum: e65499a8

Time (s): cpu = 00:00:04 ; elapsed = 00:00:00.96 . Memory (MB): peak = 2747.949 ; gain = 0.000 ; free physical = 312 ; free virtual = 3959
41 Infos, 1 Warnings, 0 Critical Warnings and 0 Errors encountered.
place_design completed successfully
INFO: [Vivado 12-24838] Running report commands "report_control_sets, report_io, report_utilization" in parallel.
Running report generation with 3 threads.
INFO: [Vivado 12-24828] Executing command : report_control_sets -verbose -file quantum_search_fixpt_control_sets_placed.rpt
report_control_sets: Time (s): cpu = 00:00:00.19 ; elapsed = 00:00:00.16 . Memory (MB): peak = 2747.949 ; gain = 0.000 ; free physical = 314 ; free virtual = 3936
INFO: [Vivado 12-24828] Executing command : report_utilization -file quantum_search_fixpt_utilization_placed.rpt -pb quantum_search_fixpt_utilization_placed.pb
INFO: [Vivado 12-24828] Executing command : report_io -file quantum_search_fixpt_io_placed.rpt
report_io: Time (s): cpu = 00:00:00.47 ; elapsed = 00:00:00.31 . Memory (MB): peak = 2747.949 ; gain = 0.000 ; free physical = 326 ; free virtual = 3949
Write ShapeDB Complete: Time (s): cpu = 00:00:00 ; elapsed = 00:00:00 . Memory (MB): peak = 2747.949 ; gain = 0.000 ; free physical = 326 ; free virtual = 3949
Wrote PlaceDB: Time (s): cpu = 00:00:00 ; elapsed = 00:00:00.01 . Memory (MB): peak = 2747.949 ; gain = 0.000 ; free physical = 326 ; free virtual = 3949
Wrote PulsedLatchDB: Time (s): cpu = 00:00:00.01 ; elapsed = 00:00:00 . Memory (MB): peak = 2747.949 ; gain = 0.000 ; free physical = 326 ; free virtual = 3949
Writing XDEF routing.
Writing XDEF routing logical nets.
Writing XDEF routing special nets.
Wrote RouteStorage: Time (s): cpu = 00:00:00.08 ; elapsed = 00:00:00.09 . Memory (MB): peak = 2747.949 ; gain = 0.000 ; free physical = 324 ; free virtual = 3947
Wrote Netlist Cache: Time (s): cpu = 00:00:00 ; elapsed = 00:00:00 . Memory (MB): peak = 2747.949 ; gain = 0.000 ; free physical = 324 ; free virtual = 3947
Wrote Device Cache: Time (s): cpu = 00:00:00 ; elapsed = 00:00:00 . Memory (MB): peak = 2747.949 ; gain = 0.000 ; free physical = 324 ; free virtual = 3948
Write Physdb Complete: Time (s): cpu = 00:00:00.09 ; elapsed = 00:00:00.1 . Memory (MB): peak = 2747.949 ; gain = 0.000 ; free physical = 324 ; free virtual = 3948
INFO: [Common 17-1381] The checkpoint '/home/bonga/Desktop/EEE4022S/EEE4022S_Github/qaes/quantum_search/codegen/quantum_search/hdlsrc/vivado_prj/quantum_search_fixpt_vivado.runs/impl_1/quantum_search_fixpt_placed.dcp' has been generated.
Command: phys_opt_design
Attempting to get a license for feature 'Implementation' and/or device 'xa7a100t'
INFO: [Common 17-349] Got license for feature 'Implementation' and/or device 'xa7a100t'

Starting Initial Update Timing Task

Time (s): cpu = 00:00:00.01 ; elapsed = 00:00:00 . Memory (MB): peak = 2747.949 ; gain = 0.000 ; free physical = 325 ; free virtual = 3949
INFO: [Vivado_Tcl 4-235] No timing constraint found. The netlist was not modified.
INFO: [Common 17-83] Releasing license: Implementation
49 Infos, 1 Warnings, 0 Critical Warnings and 0 Errors encountered.
phys_opt_design completed successfully
Write ShapeDB Complete: Time (s): cpu = 00:00:00 ; elapsed = 00:00:00 . Memory (MB): peak = 2747.949 ; gain = 0.000 ; free physical = 324 ; free virtual = 3948
Wrote PlaceDB: Time (s): cpu = 00:00:00 ; elapsed = 00:00:00 . Memory (MB): peak = 2747.949 ; gain = 0.000 ; free physical = 324 ; free virtual = 3948
Wrote PulsedLatchDB: Time (s): cpu = 00:00:00 ; elapsed = 00:00:00 . Memory (MB): peak = 2747.949 ; gain = 0.000 ; free physical = 324 ; free virtual = 3948
Writing XDEF routing.
Writing XDEF routing logical nets.
Writing XDEF routing special nets.
Wrote RouteStorage: Time (s): cpu = 00:00:00.01 ; elapsed = 00:00:00.02 . Memory (MB): peak = 2747.949 ; gain = 0.000 ; free physical = 324 ; free virtual = 3949
Wrote Netlist Cache: Time (s): cpu = 00:00:00 ; elapsed = 00:00:00 . Memory (MB): peak = 2747.949 ; gain = 0.000 ; free physical = 324 ; free virtual = 3949
Wrote Device Cache: Time (s): cpu = 00:00:00.01 ; elapsed = 00:00:00 . Memory (MB): peak = 2747.949 ; gain = 0.000 ; free physical = 324 ; free virtual = 3949
Write Physdb Complete: Time (s): cpu = 00:00:00.03 ; elapsed = 00:00:00.02 . Memory (MB): peak = 2747.949 ; gain = 0.000 ; free physical = 324 ; free virtual = 3949
INFO: [Common 17-1381] The checkpoint '/home/bonga/Desktop/EEE4022S/EEE4022S_Github/qaes/quantum_search/codegen/quantum_search/hdlsrc/vivado_prj/quantum_search_fixpt_vivado.runs/impl_1/quantum_search_fixpt_physopt.dcp' has been generated.
Command: route_design
Attempting to get a license for feature 'Implementation' and/or device 'xa7a100t'
INFO: [Common 17-349] Got license for feature 'Implementation' and/or device 'xa7a100t'
Running DRC as a precondition to command route_design
INFO: [DRC 23-27] Running DRC with 8 threads
INFO: [Vivado_Tcl 4-198] DRC finished with 0 Errors
INFO: [Vivado_Tcl 4-199] Please refer to the DRC report (report_drc) for more information.


Starting Routing Task
INFO: [Route 35-254] Multithreading enabled for route_design using a maximum of 8 CPUs

Phase 1 Build RT Design
Checksum: PlaceDB: 25dc20e5 ConstDB: 0 ShapeSum: ea6192d RouteDB: b1d25f96
Post Restoration Checksum: NetGraph: 59908dd2 | NumContArr: 30ff00c3 | Constraints: c2a8fa9d | Timing: c2a8fa9d
Phase 1 Build RT Design | Checksum: 20fe183cf

Time (s): cpu = 00:00:24 ; elapsed = 00:00:21 . Memory (MB): peak = 2862.078 ; gain = 55.656 ; free physical = 316 ; free virtual = 3866

Phase 2 Router Initialization
INFO: [Route 35-64] No timing constraints were detected. The router will operate in resource-optimization mode.

Phase 2.1 Fix Topology Constraints
Phase 2.1 Fix Topology Constraints | Checksum: 20fe183cf

Time (s): cpu = 00:00:24 ; elapsed = 00:00:21 . Memory (MB): peak = 2895.078 ; gain = 88.656 ; free physical = 304 ; free virtual = 3820

Phase 2.2 Pre Route Cleanup
Phase 2.2 Pre Route Cleanup | Checksum: 20fe183cf

Time (s): cpu = 00:00:24 ; elapsed = 00:00:21 . Memory (MB): peak = 2895.078 ; gain = 88.656 ; free physical = 306 ; free virtual = 3821
 Number of Nodes with overlaps = 0

Router Utilization Summary
  Global Vertical Routing Utilization    = 0 %
  Global Horizontal Routing Utilization  = 0 %
  Routable Net Status*
  *Does not include unroutable nets such as driverless and loadless.
  Run report_route_status for detailed report.
  Number of Failed Nets               = 3
    (Failed Nets is the sum of unrouted and partially routed nets)
  Number of Unrouted Nets             = 3
  Number of Partially Routed Nets     = 0
  Number of Node Overlaps             = 0

Phase 2 Router Initialization | Checksum: 25828c3dc

Time (s): cpu = 00:00:25 ; elapsed = 00:00:21 . Memory (MB): peak = 2926.938 ; gain = 120.516 ; free physical = 322 ; free virtual = 3784

Phase 3 Global Routing
Phase 3 Global Routing | Checksum: 25828c3dc

Time (s): cpu = 00:00:25 ; elapsed = 00:00:21 . Memory (MB): peak = 2926.938 ; gain = 120.516 ; free physical = 322 ; free virtual = 3784

Phase 4 Initial Routing

Phase 4.1 Initial Net Routing Pass
 Number of Nodes with overlaps = 0
Phase 4.1 Initial Net Routing Pass | Checksum: 27774008a

Time (s): cpu = 00:00:26 ; elapsed = 00:00:21 . Memory (MB): peak = 2926.938 ; gain = 120.516 ; free physical = 322 ; free virtual = 3784
Phase 4 Initial Routing | Checksum: 27774008a

Time (s): cpu = 00:00:26 ; elapsed = 00:00:21 . Memory (MB): peak = 2926.938 ; gain = 120.516 ; free physical = 322 ; free virtual = 3784

Phase 5 Rip-up And Reroute

Phase 5.1 Global Iteration 0
Phase 5.1 Global Iteration 0 | Checksum: 27774008a

Time (s): cpu = 00:00:26 ; elapsed = 00:00:21 . Memory (MB): peak = 2926.938 ; gain = 120.516 ; free physical = 322 ; free virtual = 3784
Phase 5 Rip-up And Reroute | Checksum: 27774008a

Time (s): cpu = 00:00:26 ; elapsed = 00:00:21 . Memory (MB): peak = 2926.938 ; gain = 120.516 ; free physical = 322 ; free virtual = 3784

Phase 6 Delay and Skew Optimization
Phase 6 Delay and Skew Optimization | Checksum: 27774008a

Time (s): cpu = 00:00:26 ; elapsed = 00:00:21 . Memory (MB): peak = 2926.938 ; gain = 120.516 ; free physical = 322 ; free virtual = 3784

Phase 7 Post Hold Fix

Phase 7.1 Hold Fix Iter
Phase 7.1 Hold Fix Iter | Checksum: 27774008a

Time (s): cpu = 00:00:26 ; elapsed = 00:00:21 . Memory (MB): peak = 2926.938 ; gain = 120.516 ; free physical = 322 ; free virtual = 3784
Phase 7 Post Hold Fix | Checksum: 27774008a

Time (s): cpu = 00:00:26 ; elapsed = 00:00:21 . Memory (MB): peak = 2926.938 ; gain = 120.516 ; free physical = 322 ; free virtual = 3784

Phase 8 Route finalize

Router Utilization Summary
  Global Vertical Routing Utilization    = 0.000217609 %
  Global Horizontal Routing Utilization  = 0.000639386 %
  Routable Net Status*
  *Does not include unroutable nets such as driverless and loadless.
  Run report_route_status for detailed report.
  Number of Failed Nets               = 0
    (Failed Nets is the sum of unrouted and partially routed nets)
  Number of Unrouted Nets             = 0
  Number of Partially Routed Nets     = 0
  Number of Node Overlaps             = 0


--GLOBAL Congestion:
Utilization threshold used for congestion level computation: 0.85
Congestion Report
North Dir 1x1 Area, Max Cong = 1.8018%, No Congested Regions.
South Dir 1x1 Area, Max Cong = 0%, No Congested Regions.
East Dir 1x1 Area, Max Cong = 2.94118%, No Congested Regions.
West Dir 1x1 Area, Max Cong = 2.94118%, No Congested Regions.

------------------------------
Reporting congestion hotspots
------------------------------
Direction: North
----------------
Congested clusters found at Level 0
Effective congestion level: 0 Aspect Ratio: 1 Sparse Ratio: 0
Direction: South
----------------
Congested clusters found at Level 0
Effective congestion level: 0 Aspect Ratio: 1 Sparse Ratio: 0
Direction: East
----------------
Congested clusters found at Level 0
Effective congestion level: 0 Aspect Ratio: 1 Sparse Ratio: 0
Direction: West
----------------
Congested clusters found at Level 0
Effective congestion level: 0 Aspect Ratio: 1 Sparse Ratio: 0

Phase 8 Route finalize | Checksum: 27774008a

Time (s): cpu = 00:00:26 ; elapsed = 00:00:21 . Memory (MB): peak = 2926.938 ; gain = 120.516 ; free physical = 322 ; free virtual = 3784

Phase 9 Verifying routed nets

 Verification completed successfully
Phase 9 Verifying routed nets | Checksum: 27774008a

Time (s): cpu = 00:00:26 ; elapsed = 00:00:21 . Memory (MB): peak = 2926.938 ; gain = 120.516 ; free physical = 322 ; free virtual = 3784

Phase 10 Depositing Routes
Phase 10 Depositing Routes | Checksum: 27774008a

Time (s): cpu = 00:00:26 ; elapsed = 00:00:21 . Memory (MB): peak = 2926.938 ; gain = 120.516 ; free physical = 322 ; free virtual = 3784

Phase 11 Post Process Routing
Phase 11 Post Process Routing | Checksum: 27774008a

Time (s): cpu = 00:00:26 ; elapsed = 00:00:21 . Memory (MB): peak = 2926.938 ; gain = 120.516 ; free physical = 322 ; free virtual = 3784
Total Elapsed time in route_design: 21.23 secs

Phase 12 Post-Route Event Processing
Phase 12 Post-Route Event Processing | Checksum: 70617034

Time (s): cpu = 00:00:26 ; elapsed = 00:00:21 . Memory (MB): peak = 2926.938 ; gain = 120.516 ; free physical = 322 ; free virtual = 3785
INFO: [Route 35-16] Router Completed Successfully
Ending Routing Task | Checksum: 70617034

Time (s): cpu = 00:00:26 ; elapsed = 00:00:21 . Memory (MB): peak = 2926.938 ; gain = 120.516 ; free physical = 322 ; free virtual = 3785

Routing Is Done.
INFO: [Common 17-83] Releasing license: Implementation
58 Infos, 1 Warnings, 0 Critical Warnings and 0 Errors encountered.
route_design completed successfully
route_design: Time (s): cpu = 00:00:26 ; elapsed = 00:00:22 . Memory (MB): peak = 2926.938 ; gain = 178.988 ; free physical = 322 ; free virtual = 3785
INFO: [Vivado 12-24828] Executing command : report_drc -file quantum_search_fixpt_drc_routed.rpt -pb quantum_search_fixpt_drc_routed.pb -rpx quantum_search_fixpt_drc_routed.rpx
Command: report_drc -file quantum_search_fixpt_drc_routed.rpt -pb quantum_search_fixpt_drc_routed.pb -rpx quantum_search_fixpt_drc_routed.rpx
INFO: [IP_Flow 19-1839] IP Catalog is up to date.
INFO: [DRC 23-27] Running DRC with 8 threads
INFO: [Vivado_Tcl 2-168] The results of DRC are in file /home/bonga/Desktop/EEE4022S/EEE4022S_Github/qaes/quantum_search/codegen/quantum_search/hdlsrc/vivado_prj/quantum_search_fixpt_vivado.runs/impl_1/quantum_search_fixpt_drc_routed.rpt.
report_drc completed successfully
INFO: [Vivado 12-24828] Executing command : report_methodology -file quantum_search_fixpt_methodology_drc_routed.rpt -pb quantum_search_fixpt_methodology_drc_routed.pb -rpx quantum_search_fixpt_methodology_drc_routed.rpx
Command: report_methodology -file quantum_search_fixpt_methodology_drc_routed.rpt -pb quantum_search_fixpt_methodology_drc_routed.pb -rpx quantum_search_fixpt_methodology_drc_routed.rpx
INFO: [Timing 38-35] Done setting XDC timing constraints.
INFO: [DRC 23-133] Running Methodology with 8 threads
INFO: [Vivado_Tcl 2-1520] The results of Report Methodology are in file /home/bonga/Desktop/EEE4022S/EEE4022S_Github/qaes/quantum_search/codegen/quantum_search/hdlsrc/vivado_prj/quantum_search_fixpt_vivado.runs/impl_1/quantum_search_fixpt_methodology_drc_routed.rpt.
report_methodology completed successfully
INFO: [Vivado 12-24828] Executing command : report_timing_summary -max_paths 10 -report_unconstrained -file quantum_search_fixpt_timing_summary_routed.rpt -pb quantum_search_fixpt_timing_summary_routed.pb -rpx quantum_search_fixpt_timing_summary_routed.rpx -warn_on_violation 
INFO: [Timing 38-35] Done setting XDC timing constraints.
INFO: [Timing 38-91] UpdateTimingParams: Speed grade: -1I, Delay Type: min_max.
INFO: [Timing 38-191] Multithreading enabled for timing update using a maximum of 8 CPUs
WARNING: [Timing 38-313] There are no user specified timing constraints. Timing constraints are needed for proper timing analysis.
INFO: [Vivado 12-24838] Running report commands "report_bus_skew, report_incremental_reuse, report_route_status" in parallel.
Running report generation with 3 threads.
INFO: [Vivado 12-24828] Executing command : report_incremental_reuse -file quantum_search_fixpt_incremental_reuse_routed.rpt
INFO: [Vivado_Tcl 4-1062] Incremental flow is disabled. No incremental reuse Info to report.
INFO: [Vivado 12-24828] Executing command : report_route_status -file quantum_search_fixpt_route_status.rpt -pb quantum_search_fixpt_route_status.pb
INFO: [Vivado 12-24828] Executing command : report_bus_skew -warn_on_violation -file quantum_search_fixpt_bus_skew_routed.rpt -pb quantum_search_fixpt_bus_skew_routed.pb -rpx quantum_search_fixpt_bus_skew_routed.rpx
INFO: [Timing 38-91] UpdateTimingParams: Speed grade: -1I, Delay Type: min_max.
INFO: [Timing 38-191] Multithreading enabled for timing update using a maximum of 8 CPUs
INFO: [Vivado 12-24828] Executing command : report_power -file quantum_search_fixpt_power_routed.rpt -pb quantum_search_fixpt_power_summary_routed.pb -rpx quantum_search_fixpt_power_routed.rpx
Command: report_power -file quantum_search_fixpt_power_routed.rpt -pb quantum_search_fixpt_power_summary_routed.pb -rpx quantum_search_fixpt_power_routed.rpx
WARNING: [Power 33-232] No user defined clocks were found in the design! Power estimation will be inaccurate until this is corrected.
Resolution: Please specify clocks using create_clock/create_generated_clock for sequential elements. For pure combinatorial circuits, please specify a virtual clock, otherwise the vectorless estimation might be inaccurate
Running Vector-less Activity Propagation...

Finished Running Vector-less Activity Propagation
78 Infos, 3 Warnings, 0 Critical Warnings and 0 Errors encountered.
report_power completed successfully
INFO: [Vivado 12-24828] Executing command : report_clock_utilization -file quantum_search_fixpt_clock_utilization_routed.rpt
WARNING: [Device 21-9320] Failed to find the Oracle tile group with name 'HSR_BOUNDARY_TOP'. This is required for Clock regions and Virtual grid.
WARNING: [Device 21-2174] Failed to initialize Virtual grid.
Write ShapeDB Complete: Time (s): cpu = 00:00:00 ; elapsed = 00:00:00 . Memory (MB): peak = 3015.883 ; gain = 0.000 ; free physical = 326 ; free virtual = 3764
Wrote PlaceDB: Time (s): cpu = 00:00:00 ; elapsed = 00:00:00 . Memory (MB): peak = 3015.883 ; gain = 0.000 ; free physical = 326 ; free virtual = 3764
Wrote PulsedLatchDB: Time (s): cpu = 00:00:00 ; elapsed = 00:00:00 . Memory (MB): peak = 3015.883 ; gain = 0.000 ; free physical = 326 ; free virtual = 3764
Writing XDEF routing.
Writing XDEF routing logical nets.
Writing XDEF routing special nets.
Wrote RouteStorage: Time (s): cpu = 00:00:00.02 ; elapsed = 00:00:00.02 . Memory (MB): peak = 3015.883 ; gain = 0.000 ; free physical = 326 ; free virtual = 3765
Wrote Netlist Cache: Time (s): cpu = 00:00:00 ; elapsed = 00:00:00 . Memory (MB): peak = 3015.883 ; gain = 0.000 ; free physical = 327 ; free virtual = 3765
Wrote Device Cache: Time (s): cpu = 00:00:00 ; elapsed = 00:00:00.01 . Memory (MB): peak = 3015.883 ; gain = 0.000 ; free physical = 327 ; free virtual = 3766
Write Physdb Complete: Time (s): cpu = 00:00:00.03 ; elapsed = 00:00:00.03 . Memory (MB): peak = 3015.883 ; gain = 0.000 ; free physical = 327 ; free virtual = 3766
INFO: [Common 17-1381] The checkpoint '/home/bonga/Desktop/EEE4022S/EEE4022S_Github/qaes/quantum_search/codegen/quantum_search/hdlsrc/vivado_prj/quantum_search_fixpt_vivado.runs/impl_1/quantum_search_fixpt_routed.dcp' has been generated.
INFO: [Common 17-206] Exiting Vivado at Sat Oct 26 14:34:59 2024...
[Sat Oct 26 14:35:10 2024] impl_1 finished
wait_on_runs: Time (s): cpu = 00:00:02 ; elapsed = 00:01:10 . Memory (MB): peak = 1418.938 ; gain = 0.000 ; free physical = 2146 ; free virtual = 5610
### Implementation Complete.
### Running PostPARTiming in Xilinx Vivado 2024.1 ...
INFO: [Device 21-403] Loading part xa7a100tcsg324-1I
INFO: [Device 21-9227] Part: xa7a100tcsg324-1I does not have CEAM library.
Netlist sorting complete. Time (s): cpu = 00:00:00 ; elapsed = 00:00:00 . Memory (MB): peak = 1759.973 ; gain = 0.000 ; free physical = 1799 ; free virtual = 5256
INFO: [Project 1-479] Netlist was created with Vivado 2024.1
INFO: [Project 1-570] Preparing netlist for logic optimization
Read ShapeDB Complete: Time (s): cpu = 00:00:00 ; elapsed = 00:00:00 . Memory (MB): peak = 1818.816 ; gain = 0.000 ; free physical = 1719 ; free virtual = 5173
INFO: [Designutils 20-5722] Start Reading Physical Databases.
Reading placement.
Read Netlist Cache: Time (s): cpu = 00:00:00 ; elapsed = 00:00:00 . Memory (MB): peak = 1843.629 ; gain = 0.000 ; free physical = 1707 ; free virtual = 5161
Reading placer database...
Read Device Cache: Time (s): cpu = 00:00:00.01 ; elapsed = 00:00:00.01 . Memory (MB): peak = 1843.629 ; gain = 0.000 ; free physical = 1707 ; free virtual = 5161
Read PlaceDB: Time (s): cpu = 00:00:00 ; elapsed = 00:00:00 . Memory (MB): peak = 1843.629 ; gain = 0.000 ; free physical = 1707 ; free virtual = 5161
Read PulsedLatchDB: Time (s): cpu = 00:00:00 ; elapsed = 00:00:00 . Memory (MB): peak = 1843.629 ; gain = 0.000 ; free physical = 1707 ; free virtual = 5161
Reading routing.
Read RouteStorage: Time (s): cpu = 00:00:00.01 ; elapsed = 00:00:00 . Memory (MB): peak = 1907.660 ; gain = 64.031 ; free physical = 1707 ; free virtual = 5161
Read Physdb Files: Time (s): cpu = 00:00:00.02 ; elapsed = 00:00:00.01 . Memory (MB): peak = 1907.660 ; gain = 64.031 ; free physical = 1707 ; free virtual = 5161
Restored from archive | CPU: 0.070000 secs | Memory: 1.100883 MB |
Finished XDEF File Restore: Time (s): cpu = 00:00:00.06 ; elapsed = 00:00:00.06 . Memory (MB): peak = 1907.660 ; gain = 87.844 ; free physical = 1707 ; free virtual = 5161
Netlist sorting complete. Time (s): cpu = 00:00:00 ; elapsed = 00:00:00 . Memory (MB): peak = 2162.715 ; gain = 0.000 ; free physical = 1438 ; free virtual = 4890
INFO: [Project 1-111] Unisim Transformation Summary:
No Unisim elements were transformed.

open_run: Time (s): cpu = 00:00:08 ; elapsed = 00:00:08 . Memory (MB): peak = 2162.715 ; gain = 743.777 ; free physical = 1438 ; free virtual = 4890
WARNING: [Common 17-708] report_timing_summary: The '-name' option will be ignored because it is only relevant in GUI mode.
INFO: [Timing 38-35] Done setting XDC timing constraints.
INFO: [Timing 38-91] UpdateTimingParams: Speed grade: -1I, Delay Type: min_max.
INFO: [Timing 38-191] Multithreading enabled for timing update using a maximum of 8 CPUs
report_timing_summary: Time (s): cpu = 00:00:06 ; elapsed = 00:00:06 . Memory (MB): peak = 2311.434 ; gain = 148.719 ; free physical = 1353 ; free virtual = 4788
### PostPARTiming Complete.
### Close Xilinx Vivado 2024.1 project.
INFO: [Common 17-206] Exiting Vivado at Sat Oct 26 14:35:24 2024...
