Copyright 1986-2022 Xilinx, Inc. All Rights Reserved. Copyright 2022-2024 Advanced Micro Devices, Inc. All Rights Reserved.
------------------------------------------------------------------------------------------------------------------------------------------------------------------------------
| Tool Version : Vivado v.2024.1 (lin64) Build 5076996 Wed May 22 18:36:09 MDT 2024
| Date         : Sat Oct 26 15:04:20 2024
| Host         : bonga running 64-bit Ubuntu 22.04.5 LTS
| Command      : report_timing_summary -delay_type min_max -report_unconstrained -check_timing_verbose -max_paths 3 -nworst 3 -name timing_post_map -file timing_post_map.rpt
| Design       : x_gate_fixpt
| Device       : xa7a100t-csg324
| Speed File   : -1I  PRODUCTION 1.16 2018-06-13
| Design State : Synthesized
------------------------------------------------------------------------------------------------------------------------------------------------------------------------------

Timing Summary Report

------------------------------------------------------------------------------------------------
| Timer Settings
| --------------
------------------------------------------------------------------------------------------------

  Enable Multi Corner Analysis               :  Yes
  Enable Pessimism Removal                   :  Yes
  Pessimism Removal Resolution               :  Nearest Common Node
  Enable Input Delay Default Clock           :  No
  Enable Preset / Clear Arcs                 :  No
  Disable Flight Delays                      :  No
  Ignore I/O Paths                           :  No
  Timing Early Launch at Borrowing Latches   :  No
  Borrow Time for Max Delay Exceptions       :  Yes
  Merge Timing Exceptions                    :  Yes
  Inter-SLR Compensation                     :  Conservative

  Corner  Analyze    Analyze    
  Name    Max Paths  Min Paths  
  ------  ---------  ---------  
  Slow    Yes        Yes        
  Fast    Yes        Yes        


------------------------------------------------------------------------------------------------
| Report Methodology
| ------------------
------------------------------------------------------------------------------------------------

No report available as report_methodology has not been run prior. Run report_methodology on the current design for the summary of methodology violations.



check_timing report

Table of Contents
-----------------
1. checking no_clock (0)
2. checking constant_clock (0)
3. checking pulse_width_clock (0)
4. checking unconstrained_internal_endpoints (0)
5. checking no_input_delay (0)
6. checking no_output_delay (0)
7. checking multiple_clock (0)
8. checking generated_clocks (0)
9. checking loops (0)
10. checking partial_input_delay (0)
11. checking partial_output_delay (0)
12. checking latch_loops (0)

1. checking no_clock (0)
------------------------
 There are 0 register/latch pins with no clock.


2. checking constant_clock (0)
------------------------------
 There are 0 register/latch pins with constant_clock.


3. checking pulse_width_clock (0)
---------------------------------
 There are 0 register/latch pins which need pulse_width check


4. checking unconstrained_internal_endpoints (0)
------------------------------------------------
 There are 0 pins that are not constrained for maximum delay.

 There are 0 pins that are not constrained for maximum delay due to constant clock.


5. checking no_input_delay (0)
------------------------------
 There are 0 input ports with no input delay specified.

 There are 0 input ports with no input delay but user has a false path constraint.


6. checking no_output_delay (0)
-------------------------------
 There are 0 ports with no output delay specified.

 There are 0 ports with no output delay but user has a false path constraint

 There are 0 ports with no output delay but with a timing clock defined on it or propagating through it


7. checking multiple_clock (0)
------------------------------
 There are 0 register/latch pins with multiple clocks.


8. checking generated_clocks (0)
--------------------------------
 There are 0 generated clocks that are not connected to a clock source.


9. checking loops (0)
---------------------
 There are 0 combinational loops in the design.


10. checking partial_input_delay (0)
------------------------------------
 There are 0 input ports with partial input delay specified.


11. checking partial_output_delay (0)
-------------------------------------
 There are 0 ports with partial output delay specified.


12. checking latch_loops (0)
----------------------------
 There are 0 combinational latch loops in the design through latch input



------------------------------------------------------------------------------------------------
| Design Timing Summary
| ---------------------
------------------------------------------------------------------------------------------------

    WNS(ns)      TNS(ns)  TNS Failing Endpoints  TNS Total Endpoints      WHS(ns)      THS(ns)  THS Failing Endpoints  THS Total Endpoints     WPWS(ns)     TPWS(ns)  TPWS Failing Endpoints  TPWS Total Endpoints  
    -------      -------  ---------------------  -------------------      -------      -------  ---------------------  -------------------     --------     --------  ----------------------  --------------------  
        inf        0.000                      0                    2          inf        0.000                      0                    2           NA           NA                      NA                    NA  


There are no user specified timing constraints.


------------------------------------------------------------------------------------------------
| Clock Summary
| -------------
------------------------------------------------------------------------------------------------


------------------------------------------------------------------------------------------------
| Intra Clock Table
| -----------------
------------------------------------------------------------------------------------------------

Clock             WNS(ns)      TNS(ns)  TNS Failing Endpoints  TNS Total Endpoints      WHS(ns)      THS(ns)  THS Failing Endpoints  THS Total Endpoints     WPWS(ns)     TPWS(ns)  TPWS Failing Endpoints  TPWS Total Endpoints  
-----             -------      -------  ---------------------  -------------------      -------      -------  ---------------------  -------------------     --------     --------  ----------------------  --------------------  


------------------------------------------------------------------------------------------------
| Inter Clock Table
| -----------------
------------------------------------------------------------------------------------------------

From Clock    To Clock          WNS(ns)      TNS(ns)  TNS Failing Endpoints  TNS Total Endpoints      WHS(ns)      THS(ns)  THS Failing Endpoints  THS Total Endpoints  
----------    --------          -------      -------  ---------------------  -------------------      -------      -------  ---------------------  -------------------  


------------------------------------------------------------------------------------------------
| Other Path Groups Table
| -----------------------
------------------------------------------------------------------------------------------------

Path Group    From Clock    To Clock          WNS(ns)      TNS(ns)  TNS Failing Endpoints  TNS Total Endpoints      WHS(ns)      THS(ns)  THS Failing Endpoints  THS Total Endpoints  
----------    ----------    --------          -------      -------  ---------------------  -------------------      -------      -------  ---------------------  -------------------  


------------------------------------------------------------------------------------------------
| User Ignored Path Table
| -----------------------
------------------------------------------------------------------------------------------------

Path Group    From Clock    To Clock    
----------    ----------    --------    


------------------------------------------------------------------------------------------------
| Unconstrained Path Table
| ------------------------
------------------------------------------------------------------------------------------------

Path Group    From Clock    To Clock    
----------    ----------    --------    
(none)                                    


------------------------------------------------------------------------------------------------
| Timing Details
| --------------
------------------------------------------------------------------------------------------------


--------------------------------------------------------------------------------------
Path Group:  (none)
From Clock:  
  To Clock:  

Max Delay             2 Endpoints
Min Delay             2 Endpoints
--------------------------------------------------------------------------------------


Max Delay Paths
--------------------------------------------------------------------------------------
Slack:                    inf
  Source:                 state[1]
                            (input port)
  Destination:            new_state[0]
                            (output port)
  Path Group:             (none)
  Path Type:              Max at Slow Process Corner
  Data Path Delay:        4.408ns  (logic 3.605ns (81.788%)  route 0.803ns (18.212%))
  Logic Levels:           2  (IBUF=1 OBUF=1)

    Location             Delay type                Incr(ns)  Path(ns)    Netlist Resource(s)
  -------------------------------------------------------------------    -------------------
                                                      0.000     0.000 r  state[1] (IN)
                         net (fo=0)                   0.000     0.000    state[1]
                         IBUF (Prop_ibuf_I_O)         0.971     0.971 r  state_IBUF[1]_inst/O
                         net (fo=1, unplaced)         0.803     1.774    new_state_OBUF[0]
                         OBUF (Prop_obuf_I_O)         2.634     4.408 r  new_state_OBUF[0]_inst/O
                         net (fo=0)                   0.000     4.408    new_state[0]
                                                                      r  new_state[0] (OUT)
  -------------------------------------------------------------------    -------------------

Slack:                    inf
  Source:                 state[1]
                            (input port)
  Destination:            new_state[0]
                            (output port)
  Path Group:             (none)
  Path Type:              Max at Slow Process Corner
  Data Path Delay:        4.408ns  (logic 3.605ns (81.788%)  route 0.803ns (18.212%))
  Logic Levels:           2  (IBUF=1 OBUF=1)

    Location             Delay type                Incr(ns)  Path(ns)    Netlist Resource(s)
  -------------------------------------------------------------------    -------------------
                                                      0.000     0.000 f  state[1] (IN)
                         net (fo=0)                   0.000     0.000    state[1]
                         IBUF (Prop_ibuf_I_O)         0.971     0.971 f  state_IBUF[1]_inst/O
                         net (fo=1, unplaced)         0.803     1.774    new_state_OBUF[0]
                         OBUF (Prop_obuf_I_O)         2.634     4.408 f  new_state_OBUF[0]_inst/O
                         net (fo=0)                   0.000     4.408    new_state[0]
                                                                      f  new_state[0] (OUT)
  -------------------------------------------------------------------    -------------------

Slack:                    inf
  Source:                 state[0]
                            (input port)
  Destination:            new_state[1]
                            (output port)
  Path Group:             (none)
  Path Type:              Max at Slow Process Corner
  Data Path Delay:        4.408ns  (logic 3.605ns (81.788%)  route 0.803ns (18.212%))
  Logic Levels:           2  (IBUF=1 OBUF=1)

    Location             Delay type                Incr(ns)  Path(ns)    Netlist Resource(s)
  -------------------------------------------------------------------    -------------------
                                                      0.000     0.000 r  state[0] (IN)
                         net (fo=0)                   0.000     0.000    state[0]
                         IBUF (Prop_ibuf_I_O)         0.971     0.971 r  state_IBUF[0]_inst/O
                         net (fo=1, unplaced)         0.803     1.774    new_state_OBUF[1]
                         OBUF (Prop_obuf_I_O)         2.634     4.408 r  new_state_OBUF[1]_inst/O
                         net (fo=0)                   0.000     4.408    new_state[1]
                                                                      r  new_state[1] (OUT)
  -------------------------------------------------------------------    -------------------





Min Delay Paths
--------------------------------------------------------------------------------------
Slack:                    inf
  Source:                 state[1]
                            (input port)
  Destination:            new_state[0]
                            (output port)
  Path Group:             (none)
  Path Type:              Min at Fast Process Corner
  Data Path Delay:        1.689ns  (logic 1.351ns (79.969%)  route 0.338ns (20.031%))
  Logic Levels:           2  (IBUF=1 OBUF=1)

    Location             Delay type                Incr(ns)  Path(ns)    Netlist Resource(s)
  -------------------------------------------------------------------    -------------------
                                                      0.000     0.000 r  state[1] (IN)
                         net (fo=0)                   0.000     0.000    state[1]
                         IBUF (Prop_ibuf_I_O)         0.200     0.200 r  state_IBUF[1]_inst/O
                         net (fo=1, unplaced)         0.338     0.539    new_state_OBUF[0]
                         OBUF (Prop_obuf_I_O)         1.151     1.689 r  new_state_OBUF[0]_inst/O
                         net (fo=0)                   0.000     1.689    new_state[0]
                                                                      r  new_state[0] (OUT)
  -------------------------------------------------------------------    -------------------

Slack:                    inf
  Source:                 state[1]
                            (input port)
  Destination:            new_state[0]
                            (output port)
  Path Group:             (none)
  Path Type:              Min at Fast Process Corner
  Data Path Delay:        1.689ns  (logic 1.351ns (79.969%)  route 0.338ns (20.031%))
  Logic Levels:           2  (IBUF=1 OBUF=1)

    Location             Delay type                Incr(ns)  Path(ns)    Netlist Resource(s)
  -------------------------------------------------------------------    -------------------
                                                      0.000     0.000 f  state[1] (IN)
                         net (fo=0)                   0.000     0.000    state[1]
                         IBUF (Prop_ibuf_I_O)         0.200     0.200 f  state_IBUF[1]_inst/O
                         net (fo=1, unplaced)         0.338     0.539    new_state_OBUF[0]
                         OBUF (Prop_obuf_I_O)         1.151     1.689 f  new_state_OBUF[0]_inst/O
                         net (fo=0)                   0.000     1.689    new_state[0]
                                                                      f  new_state[0] (OUT)
  -------------------------------------------------------------------    -------------------

Slack:                    inf
  Source:                 state[0]
                            (input port)
  Destination:            new_state[1]
                            (output port)
  Path Group:             (none)
  Path Type:              Min at Fast Process Corner
  Data Path Delay:        1.689ns  (logic 1.351ns (79.969%)  route 0.338ns (20.031%))
  Logic Levels:           2  (IBUF=1 OBUF=1)

    Location             Delay type                Incr(ns)  Path(ns)    Netlist Resource(s)
  -------------------------------------------------------------------    -------------------
                                                      0.000     0.000 r  state[0] (IN)
                         net (fo=0)                   0.000     0.000    state[0]
                         IBUF (Prop_ibuf_I_O)         0.200     0.200 r  state_IBUF[0]_inst/O
                         net (fo=1, unplaced)         0.338     0.539    new_state_OBUF[1]
                         OBUF (Prop_obuf_I_O)         1.151     1.689 r  new_state_OBUF[1]_inst/O
                         net (fo=0)                   0.000     1.689    new_state[1]
                                                                      r  new_state[1] (OUT)
  -------------------------------------------------------------------    -------------------





